[2019-07-09T07:10:19,603][WARN ][logstash.config.source.multilocal] Ignoring the 'pipelines.yml' file because modules or command line options are specified
[2019-07-09T07:10:19,762][INFO ][logstash.runner          ] Starting Logstash {"logstash.version"=>"7.1.0"}
[2019-07-09T07:10:25,039][ERROR][logstash.licensechecker.licensereader] Unable to retrieve license information from license server {:message=>"Unsupported or unrecognized SSL message"}
[2019-07-09T07:10:25,165][ERROR][logstash.monitoring.internalpipelinesource] Failed to fetch X-Pack information from Elasticsearch. This is likely due to failure to reach a live Elasticsearch cluster.
[2019-07-09T07:10:37,804][INFO ][logstash.outputs.elasticsearch] Elasticsearch pool URLs updated {:changes=>{:removed=>[], :added=>[http://localhost:9200/]}}
[2019-07-09T07:10:37,899][WARN ][logstash.outputs.elasticsearch] Restored connection to ES instance {:url=>"http://localhost:9200/"}
[2019-07-09T07:10:38,872][INFO ][logstash.outputs.elasticsearch] ES Output version determined {:es_version=>7}
[2019-07-09T07:10:38,893][WARN ][logstash.outputs.elasticsearch] Detected a 6.x and above cluster: the `type` event field won't be used to determine the document _type {:es_version=>7}
[2019-07-09T07:10:39,023][INFO ][logstash.outputs.elasticsearch] New Elasticsearch output {:class=>"LogStash::Outputs::ElasticSearch", :hosts=>["//localhost:9200"]}
[2019-07-09T07:10:39,054][INFO ][logstash.outputs.elasticsearch] Using default mapping template
[2019-07-09T07:10:39,402][INFO ][logstash.outputs.elasticsearch] Attempting to install template {:manage_template=>{"index_patterns"=>"logstash-*", "version"=>60001, "settings"=>{"index.refresh_interval"=>"5s", "number_of_shards"=>1, "index.lifecycle.name"=>"logstash-policy", "index.lifecycle.rollover_alias"=>"logstash"}, "mappings"=>{"dynamic_templates"=>[{"message_field"=>{"path_match"=>"message", "match_mapping_type"=>"string", "mapping"=>{"type"=>"text", "norms"=>false}}}, {"string_fields"=>{"match"=>"*", "match_mapping_type"=>"string", "mapping"=>{"type"=>"text", "norms"=>false, "fields"=>{"keyword"=>{"type"=>"keyword", "ignore_above"=>256}}}}}], "properties"=>{"@timestamp"=>{"type"=>"date"}, "@version"=>{"type"=>"keyword"}, "geoip"=>{"dynamic"=>true, "properties"=>{"ip"=>{"type"=>"ip"}, "location"=>{"type"=>"geo_point"}, "latitude"=>{"type"=>"half_float"}, "longitude"=>{"type"=>"half_float"}}}}}}}
[2019-07-09T07:10:41,469][INFO ][logstash.javapipeline    ] Starting pipeline {:pipeline_id=>"main", "pipeline.workers"=>4, "pipeline.batch.size"=>125, "pipeline.batch.delay"=>50, "pipeline.max_inflight"=>500, :thread=>"#<Thread:0x504e987f run>"}
[2019-07-09T07:10:47,680][INFO ][logstash.inputs.beats    ] Beats inputs: Starting input listener {:address=>"0.0.0.0:5044"}
[2019-07-09T07:10:47,696][INFO ][logstash.javapipeline    ] Pipeline started {"pipeline.id"=>"main"}
[2019-07-09T07:10:47,806][INFO ][logstash.agent           ] Pipelines running {:count=>1, :running_pipelines=>[:main], :non_running_pipelines=>[]}
[2019-07-09T07:10:49,913][INFO ][org.logstash.beats.Server] Starting server on port: 5044
[2019-07-09T07:10:52,920][INFO ][logstash.agent           ] Successfully started Logstash API endpoint {:port=>9600}
[2019-07-09T07:10:55,178][ERROR][logstash.licensechecker.licensereader] Unable to retrieve license information from license server {:message=>"Unsupported or unrecognized SSL message"}
[2019-07-09T07:11:25,158][ERROR][logstash.licensechecker.licensereader] Unable to retrieve license information from license server {:message=>"Unsupported or unrecognized SSL message"}
[2019-07-09T07:11:55,137][ERROR][logstash.licensechecker.licensereader] Unable to retrieve license information from license server {:message=>"Unsupported or unrecognized SSL message"}
[2019-07-09T07:12:25,138][ERROR][logstash.licensechecker.licensereader] Unable to retrieve license information from license server {:message=>"Unsupported or unrecognized SSL message"}
[2019-07-09T07:12:55,115][ERROR][logstash.licensechecker.licensereader] Unable to retrieve license information from license server {:message=>"Unsupported or unrecognized SSL message"}
[2019-07-09T07:13:25,116][ERROR][logstash.licensechecker.licensereader] Unable to retrieve license information from license server {:message=>"Unsupported or unrecognized SSL message"}
[2019-07-09T07:13:55,129][ERROR][logstash.licensechecker.licensereader] Unable to retrieve license information from license server {:message=>"Unsupported or unrecognized SSL message"}
[2019-07-09T07:14:25,119][ERROR][logstash.licensechecker.licensereader] Unable to retrieve license information from license server {:message=>"Unsupported or unrecognized SSL message"}
[2019-07-09T07:14:55,109][ERROR][logstash.licensechecker.licensereader] Unable to retrieve license information from license server {:message=>"Unsupported or unrecognized SSL message"}
[2019-07-09T07:15:25,115][ERROR][logstash.licensechecker.licensereader] Unable to retrieve license information from license server {:message=>"Unsupported or unrecognized SSL message"}
[2019-07-09T07:15:55,111][ERROR][logstash.licensechecker.licensereader] Unable to retrieve license information from license server {:message=>"Unsupported or unrecognized SSL message"}
[2019-07-09T07:16:25,104][ERROR][logstash.licensechecker.licensereader] Unable to retrieve license information from license server {:message=>"Unsupported or unrecognized SSL message"}
[2019-07-09T07:16:55,108][ERROR][logstash.licensechecker.licensereader] Unable to retrieve license information from license server {:message=>"Unsupported or unrecognized SSL message"}
[2019-07-09T07:17:25,117][ERROR][logstash.licensechecker.licensereader] Unable to retrieve license information from license server {:message=>"Unsupported or unrecognized SSL message"}
[2019-07-09T07:17:55,105][ERROR][logstash.licensechecker.licensereader] Unable to retrieve license information from license server {:message=>"Unsupported or unrecognized SSL message"}
[2019-07-09T07:18:25,110][ERROR][logstash.licensechecker.licensereader] Unable to retrieve license information from license server {:message=>"Unsupported or unrecognized SSL message"}
[2019-07-09T07:18:55,105][ERROR][logstash.licensechecker.licensereader] Unable to retrieve license information from license server {:message=>"Unsupported or unrecognized SSL message"}
[2019-07-09T07:19:25,108][ERROR][logstash.licensechecker.licensereader] Unable to retrieve license information from license server {:message=>"Unsupported or unrecognized SSL message"}
[2019-07-09T07:19:55,107][ERROR][logstash.licensechecker.licensereader] Unable to retrieve license information from license server {:message=>"Unsupported or unrecognized SSL message"}
[2019-07-09T07:20:25,107][ERROR][logstash.licensechecker.licensereader] Unable to retrieve license information from license server {:message=>"Unsupported or unrecognized SSL message"}
[2019-07-09T07:20:55,102][ERROR][logstash.licensechecker.licensereader] Unable to retrieve license information from license server {:message=>"Unsupported or unrecognized SSL message"}
[2019-07-09T07:21:25,106][ERROR][logstash.licensechecker.licensereader] Unable to retrieve license information from license server {:message=>"Unsupported or unrecognized SSL message"}
[2019-07-09T07:21:55,108][ERROR][logstash.licensechecker.licensereader] Unable to retrieve license information from license server {:message=>"Unsupported or unrecognized SSL message"}
[2019-07-09T07:22:25,104][ERROR][logstash.licensechecker.licensereader] Unable to retrieve license information from license server {:message=>"Unsupported or unrecognized SSL message"}
[2019-07-09T07:22:55,236][ERROR][logstash.licensechecker.licensereader] Unable to retrieve license information from license server {:message=>"Unsupported or unrecognized SSL message"}
[2019-07-09T07:23:25,113][ERROR][logstash.licensechecker.licensereader] Unable to retrieve license information from license server {:message=>"Unsupported or unrecognized SSL message"}
[2019-07-09T07:23:55,103][ERROR][logstash.licensechecker.licensereader] Unable to retrieve license information from license server {:message=>"Unsupported or unrecognized SSL message"}
[2019-07-09T07:24:25,111][ERROR][logstash.licensechecker.licensereader] Unable to retrieve license information from license server {:message=>"Unsupported or unrecognized SSL message"}
[2019-07-09T07:24:55,105][ERROR][logstash.licensechecker.licensereader] Unable to retrieve license information from license server {:message=>"Unsupported or unrecognized SSL message"}
[2019-07-09T07:25:25,107][ERROR][logstash.licensechecker.licensereader] Unable to retrieve license information from license server {:message=>"Unsupported or unrecognized SSL message"}
[2019-07-09T07:25:55,109][ERROR][logstash.licensechecker.licensereader] Unable to retrieve license information from license server {:message=>"Unsupported or unrecognized SSL message"}
[2019-07-09T07:26:25,106][ERROR][logstash.licensechecker.licensereader] Unable to retrieve license information from license server {:message=>"Unsupported or unrecognized SSL message"}
[2019-07-09T07:26:55,106][ERROR][logstash.licensechecker.licensereader] Unable to retrieve license information from license server {:message=>"Unsupported or unrecognized SSL message"}
[2019-07-09T07:27:25,105][ERROR][logstash.licensechecker.licensereader] Unable to retrieve license information from license server {:message=>"Unsupported or unrecognized SSL message"}
[2019-07-09T07:27:55,107][ERROR][logstash.licensechecker.licensereader] Unable to retrieve license information from license server {:message=>"Unsupported or unrecognized SSL message"}
[2019-07-09T07:28:25,107][ERROR][logstash.licensechecker.licensereader] Unable to retrieve license information from license server {:message=>"Unsupported or unrecognized SSL message"}
[2019-07-09T07:28:55,104][ERROR][logstash.licensechecker.licensereader] Unable to retrieve license information from license server {:message=>"Unsupported or unrecognized SSL message"}
[2019-07-09T07:29:25,109][ERROR][logstash.licensechecker.licensereader] Unable to retrieve license information from license server {:message=>"Unsupported or unrecognized SSL message"}
[2019-07-09T07:29:55,112][ERROR][logstash.licensechecker.licensereader] Unable to retrieve license information from license server {:message=>"Unsupported or unrecognized SSL message"}
[2019-07-09T07:30:25,109][ERROR][logstash.licensechecker.licensereader] Unable to retrieve license information from license server {:message=>"Unsupported or unrecognized SSL message"}
[2019-07-09T07:30:55,103][ERROR][logstash.licensechecker.licensereader] Unable to retrieve license information from license server {:message=>"Unsupported or unrecognized SSL message"}
[2019-07-09T07:31:25,109][ERROR][logstash.licensechecker.licensereader] Unable to retrieve license information from license server {:message=>"Unsupported or unrecognized SSL message"}
[2019-07-09T07:31:55,104][ERROR][logstash.licensechecker.licensereader] Unable to retrieve license information from license server {:message=>"Unsupported or unrecognized SSL message"}
[2019-07-09T07:32:25,119][ERROR][logstash.licensechecker.licensereader] Unable to retrieve license information from license server {:message=>"Unsupported or unrecognized SSL message"}
[2019-07-09T07:32:55,107][ERROR][logstash.licensechecker.licensereader] Unable to retrieve license information from license server {:message=>"Unsupported or unrecognized SSL message"}
[2019-07-09T07:33:25,112][ERROR][logstash.licensechecker.licensereader] Unable to retrieve license information from license server {:message=>"Unsupported or unrecognized SSL message"}
[2019-07-09T07:33:55,112][ERROR][logstash.licensechecker.licensereader] Unable to retrieve license information from license server {:message=>"Unsupported or unrecognized SSL message"}
[2019-07-09T07:34:25,106][ERROR][logstash.licensechecker.licensereader] Unable to retrieve license information from license server {:message=>"Unsupported or unrecognized SSL message"}
[2019-07-09T07:34:55,110][ERROR][logstash.licensechecker.licensereader] Unable to retrieve license information from license server {:message=>"Unsupported or unrecognized SSL message"}
[2019-07-09T07:35:25,097][ERROR][logstash.licensechecker.licensereader] Unable to retrieve license information from license server {:message=>"Unsupported or unrecognized SSL message"}
[2019-07-09T07:35:55,104][ERROR][logstash.licensechecker.licensereader] Unable to retrieve license information from license server {:message=>"Unsupported or unrecognized SSL message"}
[2019-07-09T07:36:25,107][ERROR][logstash.licensechecker.licensereader] Unable to retrieve license information from license server {:message=>"Unsupported or unrecognized SSL message"}
[2019-07-09T07:36:55,102][ERROR][logstash.licensechecker.licensereader] Unable to retrieve license information from license server {:message=>"Unsupported or unrecognized SSL message"}
[2019-07-09T07:37:25,106][ERROR][logstash.licensechecker.licensereader] Unable to retrieve license information from license server {:message=>"Unsupported or unrecognized SSL message"}
[2019-07-09T07:37:55,116][ERROR][logstash.licensechecker.licensereader] Unable to retrieve license information from license server {:message=>"Unsupported or unrecognized SSL message"}
[2019-07-09T07:38:25,101][ERROR][logstash.licensechecker.licensereader] Unable to retrieve license information from license server {:message=>"Unsupported or unrecognized SSL message"}
[2019-07-09T07:38:55,106][ERROR][logstash.licensechecker.licensereader] Unable to retrieve license information from license server {:message=>"Unsupported or unrecognized SSL message"}
[2019-07-09T07:39:25,109][ERROR][logstash.licensechecker.licensereader] Unable to retrieve license information from license server {:message=>"Unsupported or unrecognized SSL message"}
[2019-07-09T07:39:55,103][ERROR][logstash.licensechecker.licensereader] Unable to retrieve license information from license server {:message=>"Unsupported or unrecognized SSL message"}
[2019-07-09T07:40:25,114][ERROR][logstash.licensechecker.licensereader] Unable to retrieve license information from license server {:message=>"Unsupported or unrecognized SSL message"}
[2019-07-09T07:40:55,102][ERROR][logstash.licensechecker.licensereader] Unable to retrieve license information from license server {:message=>"Unsupported or unrecognized SSL message"}
[2019-07-09T07:41:25,107][ERROR][logstash.licensechecker.licensereader] Unable to retrieve license information from license server {:message=>"Unsupported or unrecognized SSL message"}
[2019-07-09T07:41:55,128][ERROR][logstash.licensechecker.licensereader] Unable to retrieve license information from license server {:message=>"Unsupported or unrecognized SSL message"}
[2019-07-09T07:42:25,114][ERROR][logstash.licensechecker.licensereader] Unable to retrieve license information from license server {:message=>"Unsupported or unrecognized SSL message"}
[2019-07-09T07:42:55,109][ERROR][logstash.licensechecker.licensereader] Unable to retrieve license information from license server {:message=>"Unsupported or unrecognized SSL message"}
[2019-07-09T07:43:25,101][ERROR][logstash.licensechecker.licensereader] Unable to retrieve license information from license server {:message=>"Unsupported or unrecognized SSL message"}
[2019-07-09T07:43:55,114][ERROR][logstash.licensechecker.licensereader] Unable to retrieve license information from license server {:message=>"Unsupported or unrecognized SSL message"}
[2019-07-09T07:44:25,119][ERROR][logstash.licensechecker.licensereader] Unable to retrieve license information from license server {:message=>"Unsupported or unrecognized SSL message"}
[2019-07-09T07:44:55,161][ERROR][logstash.licensechecker.licensereader] Unable to retrieve license information from license server {:message=>"Unsupported or unrecognized SSL message"}
[2019-07-09T07:45:25,100][ERROR][logstash.licensechecker.licensereader] Unable to retrieve license information from license server {:message=>"Unsupported or unrecognized SSL message"}
[2019-07-09T07:45:55,108][ERROR][logstash.licensechecker.licensereader] Unable to retrieve license information from license server {:message=>"Unsupported or unrecognized SSL message"}
[2019-07-09T07:46:25,105][ERROR][logstash.licensechecker.licensereader] Unable to retrieve license information from license server {:message=>"Unsupported or unrecognized SSL message"}
[2019-07-09T07:46:55,122][ERROR][logstash.licensechecker.licensereader] Unable to retrieve license information from license server {:message=>"Unsupported or unrecognized SSL message"}
[2019-07-09T07:47:25,105][ERROR][logstash.licensechecker.licensereader] Unable to retrieve license information from license server {:message=>"Unsupported or unrecognized SSL message"}
[2019-07-09T07:47:55,112][ERROR][logstash.licensechecker.licensereader] Unable to retrieve license information from license server {:message=>"Unsupported or unrecognized SSL message"}
[2019-07-09T07:48:25,140][ERROR][logstash.licensechecker.licensereader] Unable to retrieve license information from license server {:message=>"Unsupported or unrecognized SSL message"}
[2019-07-09T07:48:55,111][ERROR][logstash.licensechecker.licensereader] Unable to retrieve license information from license server {:message=>"Unsupported or unrecognized SSL message"}
[2019-07-09T07:49:25,374][ERROR][logstash.licensechecker.licensereader] Unable to retrieve license information from license server {:message=>"Unsupported or unrecognized SSL message"}
[2019-07-09T07:49:55,112][ERROR][logstash.licensechecker.licensereader] Unable to retrieve license information from license server {:message=>"Unsupported or unrecognized SSL message"}
[2019-07-09T07:50:25,153][ERROR][logstash.licensechecker.licensereader] Unable to retrieve license information from license server {:message=>"Unsupported or unrecognized SSL message"}
[2019-07-09T07:50:55,196][ERROR][logstash.licensechecker.licensereader] Unable to retrieve license information from license server {:message=>"Unsupported or unrecognized SSL message"}
[2019-07-09T07:51:25,146][ERROR][logstash.licensechecker.licensereader] Unable to retrieve license information from license server {:message=>"Unsupported or unrecognized SSL message"}
[2019-07-09T07:51:55,102][ERROR][logstash.licensechecker.licensereader] Unable to retrieve license information from license server {:message=>"Unsupported or unrecognized SSL message"}
[2019-07-09T07:52:25,099][ERROR][logstash.licensechecker.licensereader] Unable to retrieve license information from license server {:message=>"Unsupported or unrecognized SSL message"}
[2019-07-09T07:52:55,128][ERROR][logstash.licensechecker.licensereader] Unable to retrieve license information from license server {:message=>"Unsupported or unrecognized SSL message"}
[2019-07-09T07:53:25,117][ERROR][logstash.licensechecker.licensereader] Unable to retrieve license information from license server {:message=>"Unsupported or unrecognized SSL message"}
[2019-07-09T07:53:55,113][ERROR][logstash.licensechecker.licensereader] Unable to retrieve license information from license server {:message=>"Unsupported or unrecognized SSL message"}
[2019-07-09T07:54:25,107][ERROR][logstash.licensechecker.licensereader] Unable to retrieve license information from license server {:message=>"Unsupported or unrecognized SSL message"}
[2019-07-09T07:54:55,100][ERROR][logstash.licensechecker.licensereader] Unable to retrieve license information from license server {:message=>"Unsupported or unrecognized SSL message"}
[2019-07-09T07:55:25,101][ERROR][logstash.licensechecker.licensereader] Unable to retrieve license information from license server {:message=>"Unsupported or unrecognized SSL message"}
[2019-07-09T07:55:55,120][ERROR][logstash.licensechecker.licensereader] Unable to retrieve license information from license server {:message=>"Unsupported or unrecognized SSL message"}
[2019-07-09T07:56:25,109][ERROR][logstash.licensechecker.licensereader] Unable to retrieve license information from license server {:message=>"Unsupported or unrecognized SSL message"}
[2019-07-09T07:56:55,105][ERROR][logstash.licensechecker.licensereader] Unable to retrieve license information from license server {:message=>"Unsupported or unrecognized SSL message"}
[2019-07-09T07:57:25,114][ERROR][logstash.licensechecker.licensereader] Unable to retrieve license information from license server {:message=>"Unsupported or unrecognized SSL message"}
[2019-07-09T07:57:55,104][ERROR][logstash.licensechecker.licensereader] Unable to retrieve license information from license server {:message=>"Unsupported or unrecognized SSL message"}
[2019-07-09T07:58:25,107][ERROR][logstash.licensechecker.licensereader] Unable to retrieve license information from license server {:message=>"Unsupported or unrecognized SSL message"}
[2019-07-09T07:58:55,102][ERROR][logstash.licensechecker.licensereader] Unable to retrieve license information from license server {:message=>"Unsupported or unrecognized SSL message"}
[2019-07-09T07:59:25,112][ERROR][logstash.licensechecker.licensereader] Unable to retrieve license information from license server {:message=>"Unsupported or unrecognized SSL message"}
[2019-07-09T07:59:55,158][ERROR][logstash.licensechecker.licensereader] Unable to retrieve license information from license server {:message=>"Unsupported or unrecognized SSL message"}
[2019-07-09T08:00:25,160][ERROR][logstash.licensechecker.licensereader] Unable to retrieve license information from license server {:message=>"Unsupported or unrecognized SSL message"}
[2019-07-09T08:00:55,100][ERROR][logstash.licensechecker.licensereader] Unable to retrieve license information from license server {:message=>"Unsupported or unrecognized SSL message"}
[2019-07-09T08:01:25,098][ERROR][logstash.licensechecker.licensereader] Unable to retrieve license information from license server {:message=>"Unsupported or unrecognized SSL message"}
[2019-07-09T08:01:55,281][ERROR][logstash.licensechecker.licensereader] Unable to retrieve license information from license server {:message=>"Unsupported or unrecognized SSL message"}
[2019-07-09T08:02:25,108][ERROR][logstash.licensechecker.licensereader] Unable to retrieve license information from license server {:message=>"Unsupported or unrecognized SSL message"}
[2019-07-09T08:02:55,156][ERROR][logstash.licensechecker.licensereader] Unable to retrieve license information from license server {:message=>"Unsupported or unrecognized SSL message"}
[2019-07-09T08:03:25,212][ERROR][logstash.licensechecker.licensereader] Unable to retrieve license information from license server {:message=>"Unsupported or unrecognized SSL message"}
[2019-07-09T08:03:55,102][ERROR][logstash.licensechecker.licensereader] Unable to retrieve license information from license server {:message=>"Unsupported or unrecognized SSL message"}
[2019-07-09T08:04:25,105][ERROR][logstash.licensechecker.licensereader] Unable to retrieve license information from license server {:message=>"Unsupported or unrecognized SSL message"}
[2019-07-09T08:04:55,129][ERROR][logstash.licensechecker.licensereader] Unable to retrieve license information from license server {:message=>"Unsupported or unrecognized SSL message"}
[2019-07-09T08:05:25,102][ERROR][logstash.licensechecker.licensereader] Unable to retrieve license information from license server {:message=>"Unsupported or unrecognized SSL message"}
[2019-07-09T08:05:55,096][ERROR][logstash.licensechecker.licensereader] Unable to retrieve license information from license server {:message=>"Unsupported or unrecognized SSL message"}
[2019-07-09T08:06:25,103][ERROR][logstash.licensechecker.licensereader] Unable to retrieve license information from license server {:message=>"Unsupported or unrecognized SSL message"}
[2019-07-09T08:06:55,101][ERROR][logstash.licensechecker.licensereader] Unable to retrieve license information from license server {:message=>"Unsupported or unrecognized SSL message"}
[2019-07-09T08:07:25,123][ERROR][logstash.licensechecker.licensereader] Unable to retrieve license information from license server {:message=>"Unsupported or unrecognized SSL message"}
[2019-07-09T08:07:55,130][ERROR][logstash.licensechecker.licensereader] Unable to retrieve license information from license server {:message=>"Unsupported or unrecognized SSL message"}
[2019-07-09T08:08:25,100][ERROR][logstash.licensechecker.licensereader] Unable to retrieve license information from license server {:message=>"Unsupported or unrecognized SSL message"}
[2019-07-09T08:08:55,111][ERROR][logstash.licensechecker.licensereader] Unable to retrieve license information from license server {:message=>"Unsupported or unrecognized SSL message"}
[2019-07-09T08:09:26,579][ERROR][logstash.licensechecker.licensereader] Unable to retrieve license information from license server {:message=>"Unsupported or unrecognized SSL message"}
[2019-07-09T08:09:55,098][ERROR][logstash.licensechecker.licensereader] Unable to retrieve license information from license server {:message=>"Unsupported or unrecognized SSL message"}
[2019-07-09T08:10:25,188][ERROR][logstash.licensechecker.licensereader] Unable to retrieve license information from license server {:message=>"Unsupported or unrecognized SSL message"}
[2019-07-09T08:10:55,104][ERROR][logstash.licensechecker.licensereader] Unable to retrieve license information from license server {:message=>"Unsupported or unrecognized SSL message"}
[2019-07-09T08:11:25,150][ERROR][logstash.licensechecker.licensereader] Unable to retrieve license information from license server {:message=>"Unsupported or unrecognized SSL message"}
[2019-07-09T08:11:55,099][ERROR][logstash.licensechecker.licensereader] Unable to retrieve license information from license server {:message=>"Unsupported or unrecognized SSL message"}
[2019-07-09T08:12:25,175][ERROR][logstash.licensechecker.licensereader] Unable to retrieve license information from license server {:message=>"Unsupported or unrecognized SSL message"}
[2019-07-09T08:12:55,128][ERROR][logstash.licensechecker.licensereader] Unable to retrieve license information from license server {:message=>"Unsupported or unrecognized SSL message"}
[2019-07-09T08:13:25,165][ERROR][logstash.licensechecker.licensereader] Unable to retrieve license information from license server {:message=>"Unsupported or unrecognized SSL message"}
[2019-07-09T08:13:55,166][ERROR][logstash.licensechecker.licensereader] Unable to retrieve license information from license server {:message=>"Unsupported or unrecognized SSL message"}
[2019-07-09T08:14:25,105][ERROR][logstash.licensechecker.licensereader] Unable to retrieve license information from license server {:message=>"Unsupported or unrecognized SSL message"}
[2019-07-09T08:14:55,142][ERROR][logstash.licensechecker.licensereader] Unable to retrieve license information from license server {:message=>"Unsupported or unrecognized SSL message"}
[2019-07-09T08:15:25,098][ERROR][logstash.licensechecker.licensereader] Unable to retrieve license information from license server {:message=>"Unsupported or unrecognized SSL message"}
[2019-07-09T08:15:55,115][ERROR][logstash.licensechecker.licensereader] Unable to retrieve license information from license server {:message=>"Unsupported or unrecognized SSL message"}
[2019-07-09T08:16:25,095][ERROR][logstash.licensechecker.licensereader] Unable to retrieve license information from license server {:message=>"Unsupported or unrecognized SSL message"}
[2019-07-09T08:16:55,102][ERROR][logstash.licensechecker.licensereader] Unable to retrieve license information from license server {:message=>"Unsupported or unrecognized SSL message"}
[2019-07-09T08:17:25,101][ERROR][logstash.licensechecker.licensereader] Unable to retrieve license information from license server {:message=>"Unsupported or unrecognized SSL message"}
[2019-07-09T08:17:55,097][ERROR][logstash.licensechecker.licensereader] Unable to retrieve license information from license server {:message=>"Unsupported or unrecognized SSL message"}
[2019-07-09T08:18:25,101][ERROR][logstash.licensechecker.licensereader] Unable to retrieve license information from license server {:message=>"Unsupported or unrecognized SSL message"}
[2019-07-09T08:18:55,093][ERROR][logstash.licensechecker.licensereader] Unable to retrieve license information from license server {:message=>"Unsupported or unrecognized SSL message"}
[2019-07-09T08:19:25,098][ERROR][logstash.licensechecker.licensereader] Unable to retrieve license information from license server {:message=>"Unsupported or unrecognized SSL message"}
[2019-07-09T08:19:55,102][ERROR][logstash.licensechecker.licensereader] Unable to retrieve license information from license server {:message=>"Unsupported or unrecognized SSL message"}
[2019-07-09T08:20:25,097][ERROR][logstash.licensechecker.licensereader] Unable to retrieve license information from license server {:message=>"Unsupported or unrecognized SSL message"}
[2019-07-09T08:20:55,098][ERROR][logstash.licensechecker.licensereader] Unable to retrieve license information from license server {:message=>"Unsupported or unrecognized SSL message"}
[2019-07-09T08:21:25,097][ERROR][logstash.licensechecker.licensereader] Unable to retrieve license information from license server {:message=>"Unsupported or unrecognized SSL message"}
[2019-07-09T08:21:55,094][ERROR][logstash.licensechecker.licensereader] Unable to retrieve license information from license server {:message=>"Unsupported or unrecognized SSL message"}
[2019-07-09T08:22:25,108][ERROR][logstash.licensechecker.licensereader] Unable to retrieve license information from license server {:message=>"Unsupported or unrecognized SSL message"}
[2019-07-09T08:22:55,095][ERROR][logstash.licensechecker.licensereader] Unable to retrieve license information from license server {:message=>"Unsupported or unrecognized SSL message"}
[2019-07-09T08:23:25,097][ERROR][logstash.licensechecker.licensereader] Unable to retrieve license information from license server {:message=>"Unsupported or unrecognized SSL message"}
[2019-07-09T08:23:55,100][ERROR][logstash.licensechecker.licensereader] Unable to retrieve license information from license server {:message=>"Unsupported or unrecognized SSL message"}
[2019-07-09T08:24:25,332][ERROR][logstash.licensechecker.licensereader] Unable to retrieve license information from license server {:message=>"Unsupported or unrecognized SSL message"}
[2019-07-09T08:24:55,099][ERROR][logstash.licensechecker.licensereader] Unable to retrieve license information from license server {:message=>"Unsupported or unrecognized SSL message"}
[2019-07-09T08:25:25,099][ERROR][logstash.licensechecker.licensereader] Unable to retrieve license information from license server {:message=>"Unsupported or unrecognized SSL message"}
[2019-07-09T08:25:55,098][ERROR][logstash.licensechecker.licensereader] Unable to retrieve license information from license server {:message=>"Unsupported or unrecognized SSL message"}
[2019-07-09T08:26:25,101][ERROR][logstash.licensechecker.licensereader] Unable to retrieve license information from license server {:message=>"Unsupported or unrecognized SSL message"}
[2019-07-09T08:26:55,096][ERROR][logstash.licensechecker.licensereader] Unable to retrieve license information from license server {:message=>"Unsupported or unrecognized SSL message"}
[2019-07-09T08:27:25,109][ERROR][logstash.licensechecker.licensereader] Unable to retrieve license information from license server {:message=>"Unsupported or unrecognized SSL message"}
[2019-07-09T08:27:55,102][ERROR][logstash.licensechecker.licensereader] Unable to retrieve license information from license server {:message=>"Unsupported or unrecognized SSL message"}
[2019-07-09T08:28:25,198][ERROR][logstash.licensechecker.licensereader] Unable to retrieve license information from license server {:message=>"Unsupported or unrecognized SSL message"}
[2019-07-09T08:28:55,099][ERROR][logstash.licensechecker.licensereader] Unable to retrieve license information from license server {:message=>"Unsupported or unrecognized SSL message"}
[2019-07-09T08:29:25,099][ERROR][logstash.licensechecker.licensereader] Unable to retrieve license information from license server {:message=>"Unsupported or unrecognized SSL message"}
[2019-07-09T08:29:55,121][ERROR][logstash.licensechecker.licensereader] Unable to retrieve license information from license server {:message=>"Unsupported or unrecognized SSL message"}
[2019-07-09T08:30:25,102][ERROR][logstash.licensechecker.licensereader] Unable to retrieve license information from license server {:message=>"Unsupported or unrecognized SSL message"}
[2019-07-09T08:30:55,099][ERROR][logstash.licensechecker.licensereader] Unable to retrieve license information from license server {:message=>"Unsupported or unrecognized SSL message"}
[2019-07-09T08:31:25,123][ERROR][logstash.licensechecker.licensereader] Unable to retrieve license information from license server {:message=>"Unsupported or unrecognized SSL message"}
[2019-07-09T08:31:55,102][ERROR][logstash.licensechecker.licensereader] Unable to retrieve license information from license server {:message=>"Unsupported or unrecognized SSL message"}
[2019-07-09T08:32:25,098][ERROR][logstash.licensechecker.licensereader] Unable to retrieve license information from license server {:message=>"Unsupported or unrecognized SSL message"}
[2019-07-09T08:32:55,101][ERROR][logstash.licensechecker.licensereader] Unable to retrieve license information from license server {:message=>"Unsupported or unrecognized SSL message"}
[2019-07-09T08:33:25,198][ERROR][logstash.licensechecker.licensereader] Unable to retrieve license information from license server {:message=>"Unsupported or unrecognized SSL message"}
[2019-07-09T08:33:55,188][ERROR][logstash.licensechecker.licensereader] Unable to retrieve license information from license server {:message=>"Unsupported or unrecognized SSL message"}
[2019-07-09T08:34:25,153][ERROR][logstash.licensechecker.licensereader] Unable to retrieve license information from license server {:message=>"Unsupported or unrecognized SSL message"}
[2019-07-09T08:34:55,173][ERROR][logstash.licensechecker.licensereader] Unable to retrieve license information from license server {:message=>"Unsupported or unrecognized SSL message"}
[2019-07-09T08:35:25,110][ERROR][logstash.licensechecker.licensereader] Unable to retrieve license information from license server {:message=>"Unsupported or unrecognized SSL message"}
[2019-07-09T08:35:55,099][ERROR][logstash.licensechecker.licensereader] Unable to retrieve license information from license server {:message=>"Unsupported or unrecognized SSL message"}
[2019-07-09T08:36:25,101][ERROR][logstash.licensechecker.licensereader] Unable to retrieve license information from license server {:message=>"Unsupported or unrecognized SSL message"}
[2019-07-09T08:36:55,097][ERROR][logstash.licensechecker.licensereader] Unable to retrieve license information from license server {:message=>"Unsupported or unrecognized SSL message"}
[2019-07-09T08:37:25,096][ERROR][logstash.licensechecker.licensereader] Unable to retrieve license information from license server {:message=>"Unsupported or unrecognized SSL message"}
[2019-07-09T08:37:55,097][ERROR][logstash.licensechecker.licensereader] Unable to retrieve license information from license server {:message=>"Unsupported or unrecognized SSL message"}
[2019-07-09T08:38:25,095][ERROR][logstash.licensechecker.licensereader] Unable to retrieve license information from license server {:message=>"Unsupported or unrecognized SSL message"}
[2019-07-09T08:38:55,100][ERROR][logstash.licensechecker.licensereader] Unable to retrieve license information from license server {:message=>"Unsupported or unrecognized SSL message"}
[2019-07-09T08:39:25,097][ERROR][logstash.licensechecker.licensereader] Unable to retrieve license information from license server {:message=>"Unsupported or unrecognized SSL message"}
[2019-07-09T08:40:05,061][ERROR][logstash.licensechecker.licensereader] Unable to retrieve license information from license server {:message=>"Elasticsearch Unreachable: [https://localhost:9200/][Manticore::SocketException] Connection refused: connect"}
[2019-07-09T08:40:14,483][WARN ][logstash.outputs.elasticsearch] Marking url as dead. Last error: [LogStash::Outputs::ElasticSearch::HttpClient::Pool::HostUnreachableError] Elasticsearch Unreachable: [http://localhost:9200/][Manticore::SocketException] Connection refused: connect {:url=>http://localhost:9200/, :error_message=>"Elasticsearch Unreachable: [http://localhost:9200/][Manticore::SocketException] Connection refused: connect", :error_class=>"LogStash::Outputs::ElasticSearch::HttpClient::Pool::HostUnreachableError"}
[2019-07-09T08:40:14,667][ERROR][logstash.outputs.elasticsearch] Attempted to send a bulk request to elasticsearch' but Elasticsearch appears to be unreachable or down! {:error_message=>"Elasticsearch Unreachable: [http://localhost:9200/][Manticore::SocketException] Connection refused: connect", :class=>"LogStash::Outputs::ElasticSearch::HttpClient::Pool::HostUnreachableError", :will_retry_in_seconds=>2}
[2019-07-09T08:40:15,900][WARN ][logstash.outputs.elasticsearch] Marking url as dead. Last error: [LogStash::Outputs::ElasticSearch::HttpClient::Pool::HostUnreachableError] Elasticsearch Unreachable: [http://localhost:9200/][Manticore::SocketException] Connection refused: connect {:url=>http://localhost:9200/, :error_message=>"Elasticsearch Unreachable: [http://localhost:9200/][Manticore::SocketException] Connection refused: connect", :error_class=>"LogStash::Outputs::ElasticSearch::HttpClient::Pool::HostUnreachableError"}
[2019-07-09T08:40:15,902][ERROR][logstash.outputs.elasticsearch] Attempted to send a bulk request to elasticsearch' but Elasticsearch appears to be unreachable or down! {:error_message=>"Elasticsearch Unreachable: [http://localhost:9200/][Manticore::SocketException] Connection refused: connect", :class=>"LogStash::Outputs::ElasticSearch::HttpClient::Pool::HostUnreachableError", :will_retry_in_seconds=>2}
[2019-07-09T08:40:16,033][WARN ][logstash.outputs.elasticsearch] Marking url as dead. Last error: [LogStash::Outputs::ElasticSearch::HttpClient::Pool::HostUnreachableError] Elasticsearch Unreachable: [http://localhost:9200/][Manticore::SocketException] Connection refused: connect {:url=>http://localhost:9200/, :error_message=>"Elasticsearch Unreachable: [http://localhost:9200/][Manticore::SocketException] Connection refused: connect", :error_class=>"LogStash::Outputs::ElasticSearch::HttpClient::Pool::HostUnreachableError"}
[2019-07-09T08:40:16,035][ERROR][logstash.outputs.elasticsearch] Attempted to send a bulk request to elasticsearch' but Elasticsearch appears to be unreachable or down! {:error_message=>"Elasticsearch Unreachable: [http://localhost:9200/][Manticore::SocketException] Connection refused: connect", :class=>"LogStash::Outputs::ElasticSearch::HttpClient::Pool::HostUnreachableError", :will_retry_in_seconds=>2}
[2019-07-09T08:40:17,608][ERROR][logstash.outputs.elasticsearch] Attempted to send a bulk request to elasticsearch, but no there are no living connections in the connection pool. Perhaps Elasticsearch is unreachable or down? {:error_message=>"No Available connections", :class=>"LogStash::Outputs::ElasticSearch::HttpClient::Pool::NoConnectionAvailableError", :will_retry_in_seconds=>4}
[2019-07-09T08:40:17,905][ERROR][logstash.outputs.elasticsearch] Attempted to send a bulk request to elasticsearch, but no there are no living connections in the connection pool. Perhaps Elasticsearch is unreachable or down? {:error_message=>"No Available connections", :class=>"LogStash::Outputs::ElasticSearch::HttpClient::Pool::NoConnectionAvailableError", :will_retry_in_seconds=>4}
[2019-07-09T08:40:18,038][ERROR][logstash.outputs.elasticsearch] Attempted to send a bulk request to elasticsearch, but no there are no living connections in the connection pool. Perhaps Elasticsearch is unreachable or down? {:error_message=>"No Available connections", :class=>"LogStash::Outputs::ElasticSearch::HttpClient::Pool::NoConnectionAvailableError", :will_retry_in_seconds=>4}
[2019-07-09T08:40:20,630][WARN ][logstash.outputs.elasticsearch] Attempted to resurrect connection to dead ES instance, but got an error. {:url=>"http://localhost:9200/", :error_type=>LogStash::Outputs::ElasticSearch::HttpClient::Pool::HostUnreachableError, :error=>"Elasticsearch Unreachable: [http://localhost:9200/][Manticore::SocketException] Connection refused: connect"}
[2019-07-09T08:40:21,666][ERROR][logstash.outputs.elasticsearch] Attempted to send a bulk request to elasticsearch, but no there are no living connections in the connection pool. Perhaps Elasticsearch is unreachable or down? {:error_message=>"No Available connections", :class=>"LogStash::Outputs::ElasticSearch::HttpClient::Pool::NoConnectionAvailableError", :will_retry_in_seconds=>8}
[2019-07-09T08:40:21,909][ERROR][logstash.outputs.elasticsearch] Attempted to send a bulk request to elasticsearch, but no there are no living connections in the connection pool. Perhaps Elasticsearch is unreachable or down? {:error_message=>"No Available connections", :class=>"LogStash::Outputs::ElasticSearch::HttpClient::Pool::NoConnectionAvailableError", :will_retry_in_seconds=>8}
[2019-07-09T08:40:22,040][ERROR][logstash.outputs.elasticsearch] Attempted to send a bulk request to elasticsearch, but no there are no living connections in the connection pool. Perhaps Elasticsearch is unreachable or down? {:error_message=>"No Available connections", :class=>"LogStash::Outputs::ElasticSearch::HttpClient::Pool::NoConnectionAvailableError", :will_retry_in_seconds=>8}
[2019-07-09T08:40:25,082][ERROR][logstash.licensechecker.licensereader] Unable to retrieve license information from license server {:message=>"No Available connections"}
[2019-07-09T08:40:25,643][WARN ][logstash.outputs.elasticsearch] Attempted to resurrect connection to dead ES instance, but got an error. {:url=>"http://localhost:9200/", :error_type=>LogStash::Outputs::ElasticSearch::HttpClient::Pool::HostUnreachableError, :error=>"Elasticsearch Unreachable: [http://localhost:9200/][Manticore::SocketException] Connection refused: connect"}
[2019-07-09T08:40:29,903][ERROR][logstash.outputs.elasticsearch] Attempted to send a bulk request to elasticsearch, but no there are no living connections in the connection pool. Perhaps Elasticsearch is unreachable or down? {:error_message=>"No Available connections", :class=>"LogStash::Outputs::ElasticSearch::HttpClient::Pool::NoConnectionAvailableError", :will_retry_in_seconds=>16}
[2019-07-09T08:40:29,938][ERROR][logstash.outputs.elasticsearch] Attempted to send a bulk request to elasticsearch, but no there are no living connections in the connection pool. Perhaps Elasticsearch is unreachable or down? {:error_message=>"No Available connections", :class=>"LogStash::Outputs::ElasticSearch::HttpClient::Pool::NoConnectionAvailableError", :will_retry_in_seconds=>16}
[2019-07-09T08:40:30,043][ERROR][logstash.outputs.elasticsearch] Attempted to send a bulk request to elasticsearch, but no there are no living connections in the connection pool. Perhaps Elasticsearch is unreachable or down? {:error_message=>"No Available connections", :class=>"LogStash::Outputs::ElasticSearch::HttpClient::Pool::NoConnectionAvailableError", :will_retry_in_seconds=>16}
[2019-07-09T08:40:31,950][WARN ][logstash.outputs.elasticsearch] Attempted to resurrect connection to dead ES instance, but got an error. {:url=>"http://localhost:9200/", :error_type=>LogStash::Outputs::ElasticSearch::HttpClient::Pool::HostUnreachableError, :error=>"Elasticsearch Unreachable: [http://localhost:9200/][Manticore::SocketException] Connection refused: connect"}
[2019-07-09T08:40:33,692][INFO ][org.logstash.beats.BeatsHandler] [local: 0.0.0.0:5044, remote: 0:0:0:0:0:0:0:1:44592] Handling exception: Удаленный хост принудительно разорвал существующее подключение
[2019-07-09T08:40:33,694][WARN ][io.netty.channel.DefaultChannelPipeline] An exceptionCaught() event was fired, and it reached at the tail of the pipeline. It usually means the last handler in the pipeline did not handle the exception.
java.io.IOException: Удаленный хост принудительно разорвал существующее подключение
	at sun.nio.ch.SocketDispatcher.read0(Native Method) ~[?:?]
	at sun.nio.ch.SocketDispatcher.read(SocketDispatcher.java:43) ~[?:?]
	at sun.nio.ch.IOUtil.readIntoNativeBuffer(IOUtil.java:276) ~[?:?]
	at sun.nio.ch.IOUtil.read(IOUtil.java:233) ~[?:?]
	at sun.nio.ch.IOUtil.read(IOUtil.java:223) ~[?:?]
	at sun.nio.ch.SocketChannelImpl.read(SocketChannelImpl.java:358) ~[?:?]
	at io.netty.buffer.PooledUnsafeDirectByteBuf.setBytes(PooledUnsafeDirectByteBuf.java:288) ~[netty-all-4.1.30.Final.jar:4.1.30.Final]
	at io.netty.buffer.AbstractByteBuf.writeBytes(AbstractByteBuf.java:1128) ~[netty-all-4.1.30.Final.jar:4.1.30.Final]
	at io.netty.channel.socket.nio.NioSocketChannel.doReadBytes(NioSocketChannel.java:347) ~[netty-all-4.1.30.Final.jar:4.1.30.Final]
	at io.netty.channel.nio.AbstractNioByteChannel$NioByteUnsafe.read(AbstractNioByteChannel.java:148) ~[netty-all-4.1.30.Final.jar:4.1.30.Final]
	at io.netty.channel.nio.NioEventLoop.processSelectedKey(NioEventLoop.java:644) ~[netty-all-4.1.30.Final.jar:4.1.30.Final]
	at io.netty.channel.nio.NioEventLoop.processSelectedKeysOptimized(NioEventLoop.java:579) ~[netty-all-4.1.30.Final.jar:4.1.30.Final]
	at io.netty.channel.nio.NioEventLoop.processSelectedKeys(NioEventLoop.java:496) ~[netty-all-4.1.30.Final.jar:4.1.30.Final]
	at io.netty.channel.nio.NioEventLoop.run(NioEventLoop.java:458) [netty-all-4.1.30.Final.jar:4.1.30.Final]
	at io.netty.util.concurrent.SingleThreadEventExecutor$5.run(SingleThreadEventExecutor.java:897) [netty-all-4.1.30.Final.jar:4.1.30.Final]
	at io.netty.util.concurrent.FastThreadLocalRunnable.run(FastThreadLocalRunnable.java:30) [netty-all-4.1.30.Final.jar:4.1.30.Final]
	at java.lang.Thread.run(Thread.java:835) [?:?]
[2019-07-09T08:40:36,961][WARN ][logstash.outputs.elasticsearch] Attempted to resurrect connection to dead ES instance, but got an error. {:url=>"http://localhost:9200/", :error_type=>LogStash::Outputs::ElasticSearch::HttpClient::Pool::HostUnreachableError, :error=>"Elasticsearch Unreachable: [http://localhost:9200/][Manticore::SocketException] Connection refused: connect"}
[2019-07-09T08:40:37,708][WARN ][logstash.runner          ] SIGINT received. Shutting down.
[2019-07-09T08:40:41,981][WARN ][logstash.outputs.elasticsearch] Attempted to resurrect connection to dead ES instance, but got an error. {:url=>"http://localhost:9200/", :error_type=>LogStash::Outputs::ElasticSearch::HttpClient::Pool::HostUnreachableError, :error=>"Elasticsearch Unreachable: [http://localhost:9200/][Manticore::SocketException] Connection refused: connect"}
[2019-07-09T08:40:42,714][WARN ][logstash.runner          ] Received shutdown signal, but pipeline is still waiting for in-flight events
to be processed. Sending another ^C will force quit Logstash, but this may cause
data loss.
[2019-07-09T08:40:43,235][WARN ][org.logstash.execution.ShutdownWatcherExt] {"inflight_count"=>0, "stalling_threads_info"=>{["LogStash::Filters::Grok", {"match"=>{"message"=>"%{COMBINEDAPACHELOG}"}, "id"=>"42dc035853da184ba61879717c4317f5f18d1bbe21390467d6f09234a7528a89"}]=>[{"thread_id"=>30, "name"=>"[main]>worker0", "current_call"=>"[...]/vendor/bundle/jruby/2.5.0/gems/stud-0.0.23/lib/stud/interval.rb:89:in `sleep'"}, {"thread_id"=>31, "name"=>"[main]>worker1", "current_call"=>"[...]/vendor/bundle/jruby/2.5.0/gems/stud-0.0.23/lib/stud/interval.rb:89:in `sleep'"}, {"thread_id"=>33, "name"=>"[main]>worker3", "current_call"=>"[...]/vendor/bundle/jruby/2.5.0/gems/stud-0.0.23/lib/stud/interval.rb:89:in `sleep'"}]}}
[2019-07-09T08:40:43,296][ERROR][org.logstash.execution.ShutdownWatcherExt] The shutdown process appears to be stalled due to busy or blocked plugins. Check the logs for more information.
[2019-07-09T08:40:45,940][ERROR][logstash.outputs.elasticsearch] Attempted to send a bulk request to elasticsearch, but no there are no living connections in the connection pool. Perhaps Elasticsearch is unreachable or down? {:error_message=>"No Available connections", :class=>"LogStash::Outputs::ElasticSearch::HttpClient::Pool::NoConnectionAvailableError", :will_retry_in_seconds=>32}
[2019-07-09T08:40:45,961][ERROR][logstash.outputs.elasticsearch] Attempted to send a bulk request to elasticsearch, but no there are no living connections in the connection pool. Perhaps Elasticsearch is unreachable or down? {:error_message=>"No Available connections", :class=>"LogStash::Outputs::ElasticSearch::HttpClient::Pool::NoConnectionAvailableError", :will_retry_in_seconds=>32}
[2019-07-09T08:40:46,046][ERROR][logstash.outputs.elasticsearch] Attempted to send a bulk request to elasticsearch, but no there are no living connections in the connection pool. Perhaps Elasticsearch is unreachable or down? {:error_message=>"No Available connections", :class=>"LogStash::Outputs::ElasticSearch::HttpClient::Pool::NoConnectionAvailableError", :will_retry_in_seconds=>32}
[2019-07-09T08:40:47,001][WARN ][logstash.outputs.elasticsearch] Attempted to resurrect connection to dead ES instance, but got an error. {:url=>"http://localhost:9200/", :error_type=>LogStash::Outputs::ElasticSearch::HttpClient::Pool::HostUnreachableError, :error=>"Elasticsearch Unreachable: [http://localhost:9200/][Manticore::SocketException] Connection refused: connect"}
[2019-07-09T08:40:48,325][WARN ][org.logstash.execution.ShutdownWatcherExt] {"inflight_count"=>0, "stalling_threads_info"=>{["LogStash::Filters::Grok", {"match"=>{"message"=>"%{COMBINEDAPACHELOG}"}, "id"=>"42dc035853da184ba61879717c4317f5f18d1bbe21390467d6f09234a7528a89"}]=>[{"thread_id"=>30, "name"=>"[main]>worker0", "current_call"=>"[...]/vendor/bundle/jruby/2.5.0/gems/stud-0.0.23/lib/stud/interval.rb:89:in `sleep'"}, {"thread_id"=>31, "name"=>"[main]>worker1", "current_call"=>"[...]/vendor/bundle/jruby/2.5.0/gems/stud-0.0.23/lib/stud/interval.rb:89:in `sleep'"}, {"thread_id"=>33, "name"=>"[main]>worker3", "current_call"=>"[...]/vendor/bundle/jruby/2.5.0/gems/stud-0.0.23/lib/stud/interval.rb:89:in `sleep'"}]}}
[2019-07-09T08:40:52,020][WARN ][logstash.outputs.elasticsearch] Attempted to resurrect connection to dead ES instance, but got an error. {:url=>"http://localhost:9200/", :error_type=>LogStash::Outputs::ElasticSearch::HttpClient::Pool::HostUnreachableError, :error=>"Elasticsearch Unreachable: [http://localhost:9200/][Manticore::SocketException] Connection refused: connect"}
[2019-07-09T08:40:53,353][WARN ][org.logstash.execution.ShutdownWatcherExt] {"inflight_count"=>0, "stalling_threads_info"=>{["LogStash::Filters::Grok", {"match"=>{"message"=>"%{COMBINEDAPACHELOG}"}, "id"=>"42dc035853da184ba61879717c4317f5f18d1bbe21390467d6f09234a7528a89"}]=>[{"thread_id"=>30, "name"=>"[main]>worker0", "current_call"=>"[...]/vendor/bundle/jruby/2.5.0/gems/stud-0.0.23/lib/stud/interval.rb:89:in `sleep'"}, {"thread_id"=>31, "name"=>"[main]>worker1", "current_call"=>"[...]/vendor/bundle/jruby/2.5.0/gems/stud-0.0.23/lib/stud/interval.rb:89:in `sleep'"}, {"thread_id"=>33, "name"=>"[main]>worker3", "current_call"=>"[...]/vendor/bundle/jruby/2.5.0/gems/stud-0.0.23/lib/stud/interval.rb:89:in `sleep'"}]}}
[2019-07-09T08:40:55,079][ERROR][logstash.licensechecker.licensereader] Unable to retrieve license information from license server {:message=>"No Available connections"}
[2019-07-09T08:40:57,051][WARN ][logstash.outputs.elasticsearch] Attempted to resurrect connection to dead ES instance, but got an error. {:url=>"http://localhost:9200/", :error_type=>LogStash::Outputs::ElasticSearch::HttpClient::Pool::HostUnreachableError, :error=>"Elasticsearch Unreachable: [http://localhost:9200/][Manticore::SocketException] Connection refused: connect"}
[2019-07-09T08:40:58,393][WARN ][org.logstash.execution.ShutdownWatcherExt] {"inflight_count"=>0, "stalling_threads_info"=>{["LogStash::Filters::Grok", {"match"=>{"message"=>"%{COMBINEDAPACHELOG}"}, "id"=>"42dc035853da184ba61879717c4317f5f18d1bbe21390467d6f09234a7528a89"}]=>[{"thread_id"=>30, "name"=>"[main]>worker0", "current_call"=>"[...]/vendor/bundle/jruby/2.5.0/gems/stud-0.0.23/lib/stud/interval.rb:89:in `sleep'"}, {"thread_id"=>31, "name"=>"[main]>worker1", "current_call"=>"[...]/vendor/bundle/jruby/2.5.0/gems/stud-0.0.23/lib/stud/interval.rb:89:in `sleep'"}, {"thread_id"=>33, "name"=>"[main]>worker3", "current_call"=>"[...]/vendor/bundle/jruby/2.5.0/gems/stud-0.0.23/lib/stud/interval.rb:89:in `sleep'"}]}}
[2019-07-09T08:41:02,067][WARN ][logstash.outputs.elasticsearch] Attempted to resurrect connection to dead ES instance, but got an error. {:url=>"http://localhost:9200/", :error_type=>LogStash::Outputs::ElasticSearch::HttpClient::Pool::HostUnreachableError, :error=>"Elasticsearch Unreachable: [http://localhost:9200/][Manticore::SocketException] Connection refused: connect"}
[2019-07-09T08:41:03,435][WARN ][org.logstash.execution.ShutdownWatcherExt] {"inflight_count"=>0, "stalling_threads_info"=>{["LogStash::Filters::Grok", {"match"=>{"message"=>"%{COMBINEDAPACHELOG}"}, "id"=>"42dc035853da184ba61879717c4317f5f18d1bbe21390467d6f09234a7528a89"}]=>[{"thread_id"=>30, "name"=>"[main]>worker0", "current_call"=>"[...]/vendor/bundle/jruby/2.5.0/gems/stud-0.0.23/lib/stud/interval.rb:89:in `sleep'"}, {"thread_id"=>31, "name"=>"[main]>worker1", "current_call"=>"[...]/vendor/bundle/jruby/2.5.0/gems/stud-0.0.23/lib/stud/interval.rb:89:in `sleep'"}, {"thread_id"=>33, "name"=>"[main]>worker3", "current_call"=>"[...]/vendor/bundle/jruby/2.5.0/gems/stud-0.0.23/lib/stud/interval.rb:89:in `sleep'"}]}}
[2019-07-09T08:41:07,077][WARN ][logstash.outputs.elasticsearch] Attempted to resurrect connection to dead ES instance, but got an error. {:url=>"http://localhost:9200/", :error_type=>LogStash::Outputs::ElasticSearch::HttpClient::Pool::HostUnreachableError, :error=>"Elasticsearch Unreachable: [http://localhost:9200/][Manticore::SocketException] Connection refused: connect"}
[2019-07-09T08:41:08,458][WARN ][org.logstash.execution.ShutdownWatcherExt] {"inflight_count"=>0, "stalling_threads_info"=>{["LogStash::Filters::Grok", {"match"=>{"message"=>"%{COMBINEDAPACHELOG}"}, "id"=>"42dc035853da184ba61879717c4317f5f18d1bbe21390467d6f09234a7528a89"}]=>[{"thread_id"=>30, "name"=>"[main]>worker0", "current_call"=>"[...]/vendor/bundle/jruby/2.5.0/gems/stud-0.0.23/lib/stud/interval.rb:89:in `sleep'"}, {"thread_id"=>31, "name"=>"[main]>worker1", "current_call"=>"[...]/vendor/bundle/jruby/2.5.0/gems/stud-0.0.23/lib/stud/interval.rb:89:in `sleep'"}, {"thread_id"=>33, "name"=>"[main]>worker3", "current_call"=>"[...]/vendor/bundle/jruby/2.5.0/gems/stud-0.0.23/lib/stud/interval.rb:89:in `sleep'"}]}}
[2019-07-09T08:41:09,625][FATAL][logstash.runner          ] SIGINT received. Terminating immediately..
[2019-07-09T08:41:09,865][ERROR][org.logstash.Logstash    ] org.jruby.exceptions.ThreadKill
