[2019-07-09T07:07:36,988][INFO ][o.e.e.NodeEnvironment    ] [elasticsearch01] using [1] data paths, mounts [[400GB (C:)]], net usable_space [162.2gb], net total_space [377.3gb], types [NTFS]
[2019-07-09T07:07:37,107][INFO ][o.e.e.NodeEnvironment    ] [elasticsearch01] heap size [990.7mb], compressed ordinary object pointers [true]
[2019-07-09T07:07:40,021][INFO ][o.e.n.Node               ] [elasticsearch01] node name [elasticsearch01], node ID [UX-HdPY5Q0iJLIzpq8XKpw], cluster name [mongushSIEM]
[2019-07-09T07:07:40,022][INFO ][o.e.n.Node               ] [elasticsearch01] version[7.1.1], pid[230584], build[default/zip/7a013de/2019-05-23T14:04:00.380842Z], OS[Windows 10/10.0/amd64], JVM[Oracle Corporation/Java HotSpot(TM) 64-Bit Server VM/12.0.1/12.0.1+12]
[2019-07-09T07:07:40,024][INFO ][o.e.n.Node               ] [elasticsearch01] JVM home [C:\Program Files\Java\jdk-12.0.1]
[2019-07-09T07:07:40,025][INFO ][o.e.n.Node               ] [elasticsearch01] JVM arguments [-Xms1g, -Xmx1g, -XX:+UseConcMarkSweepGC, -XX:CMSInitiatingOccupancyFraction=75, -XX:+UseCMSInitiatingOccupancyOnly, -Des.networkaddress.cache.ttl=60, -Des.networkaddress.cache.negative.ttl=10, -XX:+AlwaysPreTouch, -Xss1m, -Djava.awt.headless=true, -Dfile.encoding=UTF-8, -Djna.nosys=true, -XX:-OmitStackTraceInFastThrow, -Dio.netty.noUnsafe=true, -Dio.netty.noKeySetOptimization=true, -Dio.netty.recycler.maxCapacityPerThread=0, -Dlog4j.shutdownHookEnabled=false, -Dlog4j2.disable.jmx=true, -Djava.io.tmpdir=C:\Users\emirm\AppData\Local\Temp\elasticsearch, -XX:+HeapDumpOnOutOfMemoryError, -XX:HeapDumpPath=data, -XX:ErrorFile=logs/hs_err_pid%p.log, -Xlog:gc*,gc+age=trace,safepoint:file=logs/gc.log:utctime,pid,tags:filecount=32,filesize=64m, -Djava.locale.providers=COMPAT, -Dio.netty.allocator.type=unpooled, -Delasticsearch, -Des.path.home=C:\SIEM\elasticsearch, -Des.path.conf=C:\SIEM\elasticsearch\config, -Des.distribution.flavor=default, -Des.distribution.type=zip, -Des.bundled_jd=true]
[2019-07-09T07:09:16,036][INFO ][o.e.p.PluginsService     ] [elasticsearch01] loaded module [aggs-matrix-stats]
[2019-07-09T07:09:16,037][INFO ][o.e.p.PluginsService     ] [elasticsearch01] loaded module [analysis-common]
[2019-07-09T07:09:16,038][INFO ][o.e.p.PluginsService     ] [elasticsearch01] loaded module [ingest-common]
[2019-07-09T07:09:16,039][INFO ][o.e.p.PluginsService     ] [elasticsearch01] loaded module [ingest-geoip]
[2019-07-09T07:09:16,039][INFO ][o.e.p.PluginsService     ] [elasticsearch01] loaded module [ingest-user-agent]
[2019-07-09T07:09:16,040][INFO ][o.e.p.PluginsService     ] [elasticsearch01] loaded module [lang-expression]
[2019-07-09T07:09:16,041][INFO ][o.e.p.PluginsService     ] [elasticsearch01] loaded module [lang-mustache]
[2019-07-09T07:09:16,042][INFO ][o.e.p.PluginsService     ] [elasticsearch01] loaded module [lang-painless]
[2019-07-09T07:09:16,042][INFO ][o.e.p.PluginsService     ] [elasticsearch01] loaded module [mapper-extras]
[2019-07-09T07:09:16,043][INFO ][o.e.p.PluginsService     ] [elasticsearch01] loaded module [parent-join]
[2019-07-09T07:09:16,043][INFO ][o.e.p.PluginsService     ] [elasticsearch01] loaded module [percolator]
[2019-07-09T07:09:16,044][INFO ][o.e.p.PluginsService     ] [elasticsearch01] loaded module [rank-eval]
[2019-07-09T07:09:16,044][INFO ][o.e.p.PluginsService     ] [elasticsearch01] loaded module [reindex]
[2019-07-09T07:09:16,045][INFO ][o.e.p.PluginsService     ] [elasticsearch01] loaded module [repository-url]
[2019-07-09T07:09:16,046][INFO ][o.e.p.PluginsService     ] [elasticsearch01] loaded module [transport-netty4]
[2019-07-09T07:09:16,047][INFO ][o.e.p.PluginsService     ] [elasticsearch01] loaded module [x-pack-ccr]
[2019-07-09T07:09:16,047][INFO ][o.e.p.PluginsService     ] [elasticsearch01] loaded module [x-pack-core]
[2019-07-09T07:09:16,048][INFO ][o.e.p.PluginsService     ] [elasticsearch01] loaded module [x-pack-deprecation]
[2019-07-09T07:09:16,049][INFO ][o.e.p.PluginsService     ] [elasticsearch01] loaded module [x-pack-graph]
[2019-07-09T07:09:16,050][INFO ][o.e.p.PluginsService     ] [elasticsearch01] loaded module [x-pack-ilm]
[2019-07-09T07:09:16,050][INFO ][o.e.p.PluginsService     ] [elasticsearch01] loaded module [x-pack-logstash]
[2019-07-09T07:09:16,051][INFO ][o.e.p.PluginsService     ] [elasticsearch01] loaded module [x-pack-ml]
[2019-07-09T07:09:16,052][INFO ][o.e.p.PluginsService     ] [elasticsearch01] loaded module [x-pack-monitoring]
[2019-07-09T07:09:16,053][INFO ][o.e.p.PluginsService     ] [elasticsearch01] loaded module [x-pack-rollup]
[2019-07-09T07:09:16,053][INFO ][o.e.p.PluginsService     ] [elasticsearch01] loaded module [x-pack-security]
[2019-07-09T07:09:16,054][INFO ][o.e.p.PluginsService     ] [elasticsearch01] loaded module [x-pack-sql]
[2019-07-09T07:09:16,055][INFO ][o.e.p.PluginsService     ] [elasticsearch01] loaded module [x-pack-watcher]
[2019-07-09T07:09:16,056][INFO ][o.e.p.PluginsService     ] [elasticsearch01] no plugins loaded
[2019-07-09T07:09:53,406][INFO ][o.e.x.s.a.s.FileRolesStore] [elasticsearch01] parsed [0] roles from file [C:\SIEM\elasticsearch\config\roles.yml]
[2019-07-09T07:09:58,104][INFO ][o.e.x.m.p.l.CppLogMessageHandler] [elasticsearch01] [controller/240332] [Main.cc@109] controller (64 bit): Version 7.1.1 (Build fd619a36eb77df) Copyright (c) 2019 Elasticsearch BV
[2019-07-09T07:09:59,748][DEBUG][o.e.a.ActionModule       ] [elasticsearch01] Using REST wrapper from plugin org.elasticsearch.xpack.security.Security
[2019-07-09T07:10:03,196][INFO ][o.e.d.DiscoveryModule    ] [elasticsearch01] using discovery type [zen] and seed hosts providers [settings]
[2019-07-09T07:10:06,768][INFO ][o.e.n.Node               ] [elasticsearch01] initialized
[2019-07-09T07:10:06,769][INFO ][o.e.n.Node               ] [elasticsearch01] starting ...
[2019-07-09T07:10:10,024][INFO ][o.e.t.TransportService   ] [elasticsearch01] publish_address {127.0.0.1:9300}, bound_addresses {127.0.0.1:9300}, {[::1]:9300}
[2019-07-09T07:10:10,217][WARN ][o.e.b.BootstrapChecks    ] [elasticsearch01] the default discovery settings are unsuitable for production use; at least one of [discovery.seed_hosts, discovery.seed_providers, cluster.initial_master_nodes] must be configured
[2019-07-09T07:10:10,235][INFO ][o.e.c.c.Coordinator      ] [elasticsearch01] cluster UUID [0Iesw0zBRS25JqFdm-TcLQ]
[2019-07-09T07:10:10,295][INFO ][o.e.c.c.ClusterBootstrapService] [elasticsearch01] no discovery configuration found, will perform best-effort cluster bootstrapping after [3s] unless existing master is discovered
[2019-07-09T07:10:10,947][INFO ][o.e.c.s.MasterService    ] [elasticsearch01] elected-as-master ([1] nodes joined)[{elasticsearch01}{UX-HdPY5Q0iJLIzpq8XKpw}{-gO45oUTRM-rWV0mgrjwqQ}{127.0.0.1}{127.0.0.1:9300}{ml.machine_memory=6248751104, xpack.installed=true, ml.max_open_jobs=20} elect leader, _BECOME_MASTER_TASK_, _FINISH_ELECTION_], term: 6, version: 248, reason: master node changed {previous [], current [{elasticsearch01}{UX-HdPY5Q0iJLIzpq8XKpw}{-gO45oUTRM-rWV0mgrjwqQ}{127.0.0.1}{127.0.0.1:9300}{ml.machine_memory=6248751104, xpack.installed=true, ml.max_open_jobs=20}]}
[2019-07-09T07:10:16,242][INFO ][o.e.c.s.ClusterApplierService] [elasticsearch01] master node changed {previous [], current [{elasticsearch01}{UX-HdPY5Q0iJLIzpq8XKpw}{-gO45oUTRM-rWV0mgrjwqQ}{127.0.0.1}{127.0.0.1:9300}{ml.machine_memory=6248751104, xpack.installed=true, ml.max_open_jobs=20}]}, term: 6, version: 248, reason: Publication{term=6, version=248}
[2019-07-09T07:10:16,712][INFO ][o.e.c.s.ClusterSettings  ] [elasticsearch01] updating [xpack.monitoring.collection.enabled] from [false] to [true]
[2019-07-09T07:10:18,623][INFO ][o.e.h.AbstractHttpServerTransport] [elasticsearch01] publish_address {127.0.0.1:9200}, bound_addresses {127.0.0.1:9200}, {[::1]:9200}
[2019-07-09T07:10:18,626][INFO ][o.e.n.Node               ] [elasticsearch01] started
[2019-07-09T07:10:24,901][WARN ][o.e.x.s.a.s.m.NativeRoleMappingStore] [elasticsearch01] Failed to clear cache for realms [[]]
[2019-07-09T07:10:25,447][INFO ][o.e.l.LicenseService     ] [elasticsearch01] license [429af80b-2afa-43f3-b0be-400042b3e335] mode [basic] - valid
[2019-07-09T07:10:25,791][INFO ][o.e.g.GatewayService     ] [elasticsearch01] recovered [17] indices into cluster_state
[2019-07-09T07:10:30,691][INFO ][o.e.c.m.MetaDataCreateIndexService] [elasticsearch01] [.monitoring-es-7-2019.07.08] creating index, cause [auto(bulk api)], templates [.monitoring-es], shards [1]/[0], mappings [_doc]
[2019-07-09T07:11:02,382][INFO ][o.e.c.r.a.AllocationService] [elasticsearch01] Cluster health status changed from [RED] to [YELLOW] (reason: [shards started [[winlogbeat-7.1.0-2019.06.10-000001][0]] ...]).
[2019-07-09T07:12:31,976][INFO ][o.e.c.m.MetaDataIndexTemplateService] [elasticsearch01] adding template [.management-beats] for index patterns [.management-beats]
[2019-07-09T07:12:35,084][INFO ][o.e.c.m.MetaDataCreateIndexService] [elasticsearch01] [.monitoring-kibana-7-2019.07.08] creating index, cause [auto(bulk api)], templates [.monitoring-kibana], shards [1]/[0], mappings [_doc]
[2019-07-09T08:29:52,295][WARN ][o.e.h.AbstractHttpServerTransport] [elasticsearch01] caught exception while handling client http traffic, closing connection Netty4HttpChannel{localAddress=/0:0:0:0:0:0:0:1:9200, remoteAddress=/0:0:0:0:0:0:0:1:43816}
java.io.IOException: Удаленный хост принудительно разорвал существующее подключение
	at sun.nio.ch.SocketDispatcher.read0(Native Method) ~[?:?]
	at sun.nio.ch.SocketDispatcher.read(SocketDispatcher.java:43) ~[?:?]
	at sun.nio.ch.IOUtil.readIntoNativeBuffer(IOUtil.java:276) ~[?:?]
	at sun.nio.ch.IOUtil.read(IOUtil.java:245) ~[?:?]
	at sun.nio.ch.IOUtil.read(IOUtil.java:223) ~[?:?]
	at sun.nio.ch.SocketChannelImpl.read(SocketChannelImpl.java:358) ~[?:?]
	at io.netty.buffer.UnpooledHeapByteBuf.setBytes(UnpooledHeapByteBuf.java:291) ~[netty-buffer-4.1.32.Final.jar:4.1.32.Final]
	at io.netty.buffer.AbstractByteBuf.writeBytes(AbstractByteBuf.java:1132) ~[netty-buffer-4.1.32.Final.jar:4.1.32.Final]
	at io.netty.channel.socket.nio.NioSocketChannel.doReadBytes(NioSocketChannel.java:347) ~[netty-transport-4.1.32.Final.jar:4.1.32.Final]
	at io.netty.channel.nio.AbstractNioByteChannel$NioByteUnsafe.read(AbstractNioByteChannel.java:148) [netty-transport-4.1.32.Final.jar:4.1.32.Final]
	at io.netty.channel.nio.NioEventLoop.processSelectedKey(NioEventLoop.java:656) [netty-transport-4.1.32.Final.jar:4.1.32.Final]
	at io.netty.channel.nio.NioEventLoop.processSelectedKeysPlain(NioEventLoop.java:556) [netty-transport-4.1.32.Final.jar:4.1.32.Final]
	at io.netty.channel.nio.NioEventLoop.processSelectedKeys(NioEventLoop.java:510) [netty-transport-4.1.32.Final.jar:4.1.32.Final]
	at io.netty.channel.nio.NioEventLoop.run(NioEventLoop.java:470) [netty-transport-4.1.32.Final.jar:4.1.32.Final]
	at io.netty.util.concurrent.SingleThreadEventExecutor$5.run(SingleThreadEventExecutor.java:909) [netty-common-4.1.32.Final.jar:4.1.32.Final]
	at java.lang.Thread.run(Thread.java:835) [?:?]
[2019-07-09T08:29:52,295][WARN ][o.e.h.AbstractHttpServerTransport] [elasticsearch01] caught exception while handling client http traffic, closing connection Netty4HttpChannel{localAddress=/0:0:0:0:0:0:0:1:9200, remoteAddress=/0:0:0:0:0:0:0:1:43613}
java.io.IOException: Удаленный хост принудительно разорвал существующее подключение
	at sun.nio.ch.SocketDispatcher.read0(Native Method) ~[?:?]
	at sun.nio.ch.SocketDispatcher.read(SocketDispatcher.java:43) ~[?:?]
	at sun.nio.ch.IOUtil.readIntoNativeBuffer(IOUtil.java:276) ~[?:?]
	at sun.nio.ch.IOUtil.read(IOUtil.java:245) ~[?:?]
	at sun.nio.ch.IOUtil.read(IOUtil.java:223) ~[?:?]
	at sun.nio.ch.SocketChannelImpl.read(SocketChannelImpl.java:358) ~[?:?]
	at io.netty.buffer.UnpooledHeapByteBuf.setBytes(UnpooledHeapByteBuf.java:291) ~[netty-buffer-4.1.32.Final.jar:4.1.32.Final]
	at io.netty.buffer.AbstractByteBuf.writeBytes(AbstractByteBuf.java:1132) ~[netty-buffer-4.1.32.Final.jar:4.1.32.Final]
	at io.netty.channel.socket.nio.NioSocketChannel.doReadBytes(NioSocketChannel.java:347) ~[netty-transport-4.1.32.Final.jar:4.1.32.Final]
	at io.netty.channel.nio.AbstractNioByteChannel$NioByteUnsafe.read(AbstractNioByteChannel.java:148) [netty-transport-4.1.32.Final.jar:4.1.32.Final]
	at io.netty.channel.nio.NioEventLoop.processSelectedKey(NioEventLoop.java:656) [netty-transport-4.1.32.Final.jar:4.1.32.Final]
	at io.netty.channel.nio.NioEventLoop.processSelectedKeysPlain(NioEventLoop.java:556) [netty-transport-4.1.32.Final.jar:4.1.32.Final]
	at io.netty.channel.nio.NioEventLoop.processSelectedKeys(NioEventLoop.java:510) [netty-transport-4.1.32.Final.jar:4.1.32.Final]
	at io.netty.channel.nio.NioEventLoop.run(NioEventLoop.java:470) [netty-transport-4.1.32.Final.jar:4.1.32.Final]
	at io.netty.util.concurrent.SingleThreadEventExecutor$5.run(SingleThreadEventExecutor.java:909) [netty-common-4.1.32.Final.jar:4.1.32.Final]
	at java.lang.Thread.run(Thread.java:835) [?:?]
[2019-07-09T08:29:52,295][WARN ][o.e.h.AbstractHttpServerTransport] [elasticsearch01] caught exception while handling client http traffic, closing connection Netty4HttpChannel{localAddress=/0:0:0:0:0:0:0:1:9200, remoteAddress=/0:0:0:0:0:0:0:1:43642}
java.io.IOException: Удаленный хост принудительно разорвал существующее подключение
	at sun.nio.ch.SocketDispatcher.read0(Native Method) ~[?:?]
	at sun.nio.ch.SocketDispatcher.read(SocketDispatcher.java:43) ~[?:?]
	at sun.nio.ch.IOUtil.readIntoNativeBuffer(IOUtil.java:276) ~[?:?]
	at sun.nio.ch.IOUtil.read(IOUtil.java:245) ~[?:?]
	at sun.nio.ch.IOUtil.read(IOUtil.java:223) ~[?:?]
	at sun.nio.ch.SocketChannelImpl.read(SocketChannelImpl.java:358) ~[?:?]
	at io.netty.buffer.UnpooledHeapByteBuf.setBytes(UnpooledHeapByteBuf.java:291) ~[netty-buffer-4.1.32.Final.jar:4.1.32.Final]
	at io.netty.buffer.AbstractByteBuf.writeBytes(AbstractByteBuf.java:1132) ~[netty-buffer-4.1.32.Final.jar:4.1.32.Final]
	at io.netty.channel.socket.nio.NioSocketChannel.doReadBytes(NioSocketChannel.java:347) ~[netty-transport-4.1.32.Final.jar:4.1.32.Final]
	at io.netty.channel.nio.AbstractNioByteChannel$NioByteUnsafe.read(AbstractNioByteChannel.java:148) [netty-transport-4.1.32.Final.jar:4.1.32.Final]
	at io.netty.channel.nio.NioEventLoop.processSelectedKey(NioEventLoop.java:656) [netty-transport-4.1.32.Final.jar:4.1.32.Final]
	at io.netty.channel.nio.NioEventLoop.processSelectedKeysPlain(NioEventLoop.java:556) [netty-transport-4.1.32.Final.jar:4.1.32.Final]
	at io.netty.channel.nio.NioEventLoop.processSelectedKeys(NioEventLoop.java:510) [netty-transport-4.1.32.Final.jar:4.1.32.Final]
	at io.netty.channel.nio.NioEventLoop.run(NioEventLoop.java:470) [netty-transport-4.1.32.Final.jar:4.1.32.Final]
	at io.netty.util.concurrent.SingleThreadEventExecutor$5.run(SingleThreadEventExecutor.java:909) [netty-common-4.1.32.Final.jar:4.1.32.Final]
	at java.lang.Thread.run(Thread.java:835) [?:?]
[2019-07-09T08:29:52,295][WARN ][o.e.h.AbstractHttpServerTransport] [elasticsearch01] caught exception while handling client http traffic, closing connection Netty4HttpChannel{localAddress=/0:0:0:0:0:0:0:1:9200, remoteAddress=/0:0:0:0:0:0:0:1:43856}
java.io.IOException: Удаленный хост принудительно разорвал существующее подключение
	at sun.nio.ch.SocketDispatcher.read0(Native Method) ~[?:?]
	at sun.nio.ch.SocketDispatcher.read(SocketDispatcher.java:43) ~[?:?]
	at sun.nio.ch.IOUtil.readIntoNativeBuffer(IOUtil.java:276) ~[?:?]
	at sun.nio.ch.IOUtil.read(IOUtil.java:245) ~[?:?]
	at sun.nio.ch.IOUtil.read(IOUtil.java:223) ~[?:?]
	at sun.nio.ch.SocketChannelImpl.read(SocketChannelImpl.java:358) ~[?:?]
	at io.netty.buffer.UnpooledHeapByteBuf.setBytes(UnpooledHeapByteBuf.java:291) ~[netty-buffer-4.1.32.Final.jar:4.1.32.Final]
	at io.netty.buffer.AbstractByteBuf.writeBytes(AbstractByteBuf.java:1132) ~[netty-buffer-4.1.32.Final.jar:4.1.32.Final]
	at io.netty.channel.socket.nio.NioSocketChannel.doReadBytes(NioSocketChannel.java:347) ~[netty-transport-4.1.32.Final.jar:4.1.32.Final]
	at io.netty.channel.nio.AbstractNioByteChannel$NioByteUnsafe.read(AbstractNioByteChannel.java:148) [netty-transport-4.1.32.Final.jar:4.1.32.Final]
	at io.netty.channel.nio.NioEventLoop.processSelectedKey(NioEventLoop.java:656) [netty-transport-4.1.32.Final.jar:4.1.32.Final]
	at io.netty.channel.nio.NioEventLoop.processSelectedKeysPlain(NioEventLoop.java:556) [netty-transport-4.1.32.Final.jar:4.1.32.Final]
	at io.netty.channel.nio.NioEventLoop.processSelectedKeys(NioEventLoop.java:510) [netty-transport-4.1.32.Final.jar:4.1.32.Final]
	at io.netty.channel.nio.NioEventLoop.run(NioEventLoop.java:470) [netty-transport-4.1.32.Final.jar:4.1.32.Final]
	at io.netty.util.concurrent.SingleThreadEventExecutor$5.run(SingleThreadEventExecutor.java:909) [netty-common-4.1.32.Final.jar:4.1.32.Final]
	at java.lang.Thread.run(Thread.java:835) [?:?]
[2019-07-09T08:29:52,295][WARN ][o.e.h.AbstractHttpServerTransport] [elasticsearch01] caught exception while handling client http traffic, closing connection Netty4HttpChannel{localAddress=/0:0:0:0:0:0:0:1:9200, remoteAddress=/0:0:0:0:0:0:0:1:43423}
java.io.IOException: Удаленный хост принудительно разорвал существующее подключение
	at sun.nio.ch.SocketDispatcher.read0(Native Method) ~[?:?]
	at sun.nio.ch.SocketDispatcher.read(SocketDispatcher.java:43) ~[?:?]
	at sun.nio.ch.IOUtil.readIntoNativeBuffer(IOUtil.java:276) ~[?:?]
	at sun.nio.ch.IOUtil.read(IOUtil.java:245) ~[?:?]
	at sun.nio.ch.IOUtil.read(IOUtil.java:223) ~[?:?]
	at sun.nio.ch.SocketChannelImpl.read(SocketChannelImpl.java:358) ~[?:?]
	at io.netty.buffer.UnpooledHeapByteBuf.setBytes(UnpooledHeapByteBuf.java:291) ~[netty-buffer-4.1.32.Final.jar:4.1.32.Final]
	at io.netty.buffer.AbstractByteBuf.writeBytes(AbstractByteBuf.java:1132) ~[netty-buffer-4.1.32.Final.jar:4.1.32.Final]
	at io.netty.channel.socket.nio.NioSocketChannel.doReadBytes(NioSocketChannel.java:347) ~[netty-transport-4.1.32.Final.jar:4.1.32.Final]
	at io.netty.channel.nio.AbstractNioByteChannel$NioByteUnsafe.read(AbstractNioByteChannel.java:148) [netty-transport-4.1.32.Final.jar:4.1.32.Final]
	at io.netty.channel.nio.NioEventLoop.processSelectedKey(NioEventLoop.java:656) [netty-transport-4.1.32.Final.jar:4.1.32.Final]
	at io.netty.channel.nio.NioEventLoop.processSelectedKeysPlain(NioEventLoop.java:556) [netty-transport-4.1.32.Final.jar:4.1.32.Final]
	at io.netty.channel.nio.NioEventLoop.processSelectedKeys(NioEventLoop.java:510) [netty-transport-4.1.32.Final.jar:4.1.32.Final]
	at io.netty.channel.nio.NioEventLoop.run(NioEventLoop.java:470) [netty-transport-4.1.32.Final.jar:4.1.32.Final]
	at io.netty.util.concurrent.SingleThreadEventExecutor$5.run(SingleThreadEventExecutor.java:909) [netty-common-4.1.32.Final.jar:4.1.32.Final]
	at java.lang.Thread.run(Thread.java:835) [?:?]
[2019-07-09T08:29:52,295][WARN ][o.e.h.AbstractHttpServerTransport] [elasticsearch01] caught exception while handling client http traffic, closing connection Netty4HttpChannel{localAddress=/0:0:0:0:0:0:0:1:9200, remoteAddress=/0:0:0:0:0:0:0:1:43579}
java.io.IOException: Удаленный хост принудительно разорвал существующее подключение
	at sun.nio.ch.SocketDispatcher.read0(Native Method) ~[?:?]
	at sun.nio.ch.SocketDispatcher.read(SocketDispatcher.java:43) ~[?:?]
	at sun.nio.ch.IOUtil.readIntoNativeBuffer(IOUtil.java:276) ~[?:?]
	at sun.nio.ch.IOUtil.read(IOUtil.java:245) ~[?:?]
	at sun.nio.ch.IOUtil.read(IOUtil.java:223) ~[?:?]
	at sun.nio.ch.SocketChannelImpl.read(SocketChannelImpl.java:358) ~[?:?]
	at io.netty.buffer.UnpooledHeapByteBuf.setBytes(UnpooledHeapByteBuf.java:291) ~[netty-buffer-4.1.32.Final.jar:4.1.32.Final]
	at io.netty.buffer.AbstractByteBuf.writeBytes(AbstractByteBuf.java:1132) ~[netty-buffer-4.1.32.Final.jar:4.1.32.Final]
	at io.netty.channel.socket.nio.NioSocketChannel.doReadBytes(NioSocketChannel.java:347) ~[netty-transport-4.1.32.Final.jar:4.1.32.Final]
	at io.netty.channel.nio.AbstractNioByteChannel$NioByteUnsafe.read(AbstractNioByteChannel.java:148) [netty-transport-4.1.32.Final.jar:4.1.32.Final]
	at io.netty.channel.nio.NioEventLoop.processSelectedKey(NioEventLoop.java:656) [netty-transport-4.1.32.Final.jar:4.1.32.Final]
	at io.netty.channel.nio.NioEventLoop.processSelectedKeysPlain(NioEventLoop.java:556) [netty-transport-4.1.32.Final.jar:4.1.32.Final]
	at io.netty.channel.nio.NioEventLoop.processSelectedKeys(NioEventLoop.java:510) [netty-transport-4.1.32.Final.jar:4.1.32.Final]
	at io.netty.channel.nio.NioEventLoop.run(NioEventLoop.java:470) [netty-transport-4.1.32.Final.jar:4.1.32.Final]
	at io.netty.util.concurrent.SingleThreadEventExecutor$5.run(SingleThreadEventExecutor.java:909) [netty-common-4.1.32.Final.jar:4.1.32.Final]
	at java.lang.Thread.run(Thread.java:835) [?:?]
[2019-07-09T08:29:52,295][WARN ][o.e.h.AbstractHttpServerTransport] [elasticsearch01] caught exception while handling client http traffic, closing connection Netty4HttpChannel{localAddress=/0:0:0:0:0:0:0:1:9200, remoteAddress=/0:0:0:0:0:0:0:1:43421}
java.io.IOException: Удаленный хост принудительно разорвал существующее подключение
	at sun.nio.ch.SocketDispatcher.read0(Native Method) ~[?:?]
	at sun.nio.ch.SocketDispatcher.read(SocketDispatcher.java:43) ~[?:?]
	at sun.nio.ch.IOUtil.readIntoNativeBuffer(IOUtil.java:276) ~[?:?]
	at sun.nio.ch.IOUtil.read(IOUtil.java:245) ~[?:?]
	at sun.nio.ch.IOUtil.read(IOUtil.java:223) ~[?:?]
	at sun.nio.ch.SocketChannelImpl.read(SocketChannelImpl.java:358) ~[?:?]
	at io.netty.buffer.UnpooledHeapByteBuf.setBytes(UnpooledHeapByteBuf.java:291) ~[netty-buffer-4.1.32.Final.jar:4.1.32.Final]
	at io.netty.buffer.AbstractByteBuf.writeBytes(AbstractByteBuf.java:1132) ~[netty-buffer-4.1.32.Final.jar:4.1.32.Final]
	at io.netty.channel.socket.nio.NioSocketChannel.doReadBytes(NioSocketChannel.java:347) ~[netty-transport-4.1.32.Final.jar:4.1.32.Final]
	at io.netty.channel.nio.AbstractNioByteChannel$NioByteUnsafe.read(AbstractNioByteChannel.java:148) [netty-transport-4.1.32.Final.jar:4.1.32.Final]
	at io.netty.channel.nio.NioEventLoop.processSelectedKey(NioEventLoop.java:656) [netty-transport-4.1.32.Final.jar:4.1.32.Final]
	at io.netty.channel.nio.NioEventLoop.processSelectedKeysPlain(NioEventLoop.java:556) [netty-transport-4.1.32.Final.jar:4.1.32.Final]
	at io.netty.channel.nio.NioEventLoop.processSelectedKeys(NioEventLoop.java:510) [netty-transport-4.1.32.Final.jar:4.1.32.Final]
	at io.netty.channel.nio.NioEventLoop.run(NioEventLoop.java:470) [netty-transport-4.1.32.Final.jar:4.1.32.Final]
	at io.netty.util.concurrent.SingleThreadEventExecutor$5.run(SingleThreadEventExecutor.java:909) [netty-common-4.1.32.Final.jar:4.1.32.Final]
	at java.lang.Thread.run(Thread.java:835) [?:?]
[2019-07-09T08:29:54,388][WARN ][o.e.h.AbstractHttpServerTransport] [elasticsearch01] caught exception while handling client http traffic, closing connection Netty4HttpChannel{localAddress=/0:0:0:0:0:0:0:1:9200, remoteAddress=/0:0:0:0:0:0:0:1:43453}
java.io.IOException: Удаленный хост принудительно разорвал существующее подключение
	at sun.nio.ch.SocketDispatcher.read0(Native Method) ~[?:?]
	at sun.nio.ch.SocketDispatcher.read(SocketDispatcher.java:43) ~[?:?]
	at sun.nio.ch.IOUtil.readIntoNativeBuffer(IOUtil.java:276) ~[?:?]
	at sun.nio.ch.IOUtil.read(IOUtil.java:245) ~[?:?]
	at sun.nio.ch.IOUtil.read(IOUtil.java:223) ~[?:?]
	at sun.nio.ch.SocketChannelImpl.read(SocketChannelImpl.java:358) ~[?:?]
	at io.netty.buffer.UnpooledHeapByteBuf.setBytes(UnpooledHeapByteBuf.java:291) ~[netty-buffer-4.1.32.Final.jar:4.1.32.Final]
	at io.netty.buffer.AbstractByteBuf.writeBytes(AbstractByteBuf.java:1132) ~[netty-buffer-4.1.32.Final.jar:4.1.32.Final]
	at io.netty.channel.socket.nio.NioSocketChannel.doReadBytes(NioSocketChannel.java:347) ~[netty-transport-4.1.32.Final.jar:4.1.32.Final]
	at io.netty.channel.nio.AbstractNioByteChannel$NioByteUnsafe.read(AbstractNioByteChannel.java:148) [netty-transport-4.1.32.Final.jar:4.1.32.Final]
	at io.netty.channel.nio.NioEventLoop.processSelectedKey(NioEventLoop.java:656) [netty-transport-4.1.32.Final.jar:4.1.32.Final]
	at io.netty.channel.nio.NioEventLoop.processSelectedKeysPlain(NioEventLoop.java:556) [netty-transport-4.1.32.Final.jar:4.1.32.Final]
	at io.netty.channel.nio.NioEventLoop.processSelectedKeys(NioEventLoop.java:510) [netty-transport-4.1.32.Final.jar:4.1.32.Final]
	at io.netty.channel.nio.NioEventLoop.run(NioEventLoop.java:470) [netty-transport-4.1.32.Final.jar:4.1.32.Final]
	at io.netty.util.concurrent.SingleThreadEventExecutor$5.run(SingleThreadEventExecutor.java:909) [netty-common-4.1.32.Final.jar:4.1.32.Final]
	at java.lang.Thread.run(Thread.java:835) [?:?]
[2019-07-09T08:29:54,399][WARN ][o.e.h.AbstractHttpServerTransport] [elasticsearch01] caught exception while handling client http traffic, closing connection Netty4HttpChannel{localAddress=/0:0:0:0:0:0:0:1:9200, remoteAddress=/0:0:0:0:0:0:0:1:43747}
java.io.IOException: Удаленный хост принудительно разорвал существующее подключение
	at sun.nio.ch.SocketDispatcher.read0(Native Method) ~[?:?]
	at sun.nio.ch.SocketDispatcher.read(SocketDispatcher.java:43) ~[?:?]
	at sun.nio.ch.IOUtil.readIntoNativeBuffer(IOUtil.java:276) ~[?:?]
	at sun.nio.ch.IOUtil.read(IOUtil.java:245) ~[?:?]
	at sun.nio.ch.IOUtil.read(IOUtil.java:223) ~[?:?]
	at sun.nio.ch.SocketChannelImpl.read(SocketChannelImpl.java:358) ~[?:?]
	at io.netty.buffer.UnpooledHeapByteBuf.setBytes(UnpooledHeapByteBuf.java:291) ~[netty-buffer-4.1.32.Final.jar:4.1.32.Final]
	at io.netty.buffer.AbstractByteBuf.writeBytes(AbstractByteBuf.java:1132) ~[netty-buffer-4.1.32.Final.jar:4.1.32.Final]
	at io.netty.channel.socket.nio.NioSocketChannel.doReadBytes(NioSocketChannel.java:347) ~[netty-transport-4.1.32.Final.jar:4.1.32.Final]
	at io.netty.channel.nio.AbstractNioByteChannel$NioByteUnsafe.read(AbstractNioByteChannel.java:148) [netty-transport-4.1.32.Final.jar:4.1.32.Final]
	at io.netty.channel.nio.NioEventLoop.processSelectedKey(NioEventLoop.java:656) [netty-transport-4.1.32.Final.jar:4.1.32.Final]
	at io.netty.channel.nio.NioEventLoop.processSelectedKeysPlain(NioEventLoop.java:556) [netty-transport-4.1.32.Final.jar:4.1.32.Final]
	at io.netty.channel.nio.NioEventLoop.processSelectedKeys(NioEventLoop.java:510) [netty-transport-4.1.32.Final.jar:4.1.32.Final]
	at io.netty.channel.nio.NioEventLoop.run(NioEventLoop.java:470) [netty-transport-4.1.32.Final.jar:4.1.32.Final]
	at io.netty.util.concurrent.SingleThreadEventExecutor$5.run(SingleThreadEventExecutor.java:909) [netty-common-4.1.32.Final.jar:4.1.32.Final]
	at java.lang.Thread.run(Thread.java:835) [?:?]
[2019-07-09T08:29:54,405][WARN ][o.e.h.AbstractHttpServerTransport] [elasticsearch01] caught exception while handling client http traffic, closing connection Netty4HttpChannel{localAddress=/0:0:0:0:0:0:0:1:9200, remoteAddress=/0:0:0:0:0:0:0:1:43718}
java.io.IOException: Удаленный хост принудительно разорвал существующее подключение
	at sun.nio.ch.SocketDispatcher.read0(Native Method) ~[?:?]
	at sun.nio.ch.SocketDispatcher.read(SocketDispatcher.java:43) ~[?:?]
	at sun.nio.ch.IOUtil.readIntoNativeBuffer(IOUtil.java:276) ~[?:?]
	at sun.nio.ch.IOUtil.read(IOUtil.java:245) ~[?:?]
	at sun.nio.ch.IOUtil.read(IOUtil.java:223) ~[?:?]
	at sun.nio.ch.SocketChannelImpl.read(SocketChannelImpl.java:358) ~[?:?]
	at io.netty.buffer.UnpooledHeapByteBuf.setBytes(UnpooledHeapByteBuf.java:291) ~[netty-buffer-4.1.32.Final.jar:4.1.32.Final]
	at io.netty.buffer.AbstractByteBuf.writeBytes(AbstractByteBuf.java:1132) ~[netty-buffer-4.1.32.Final.jar:4.1.32.Final]
	at io.netty.channel.socket.nio.NioSocketChannel.doReadBytes(NioSocketChannel.java:347) ~[netty-transport-4.1.32.Final.jar:4.1.32.Final]
	at io.netty.channel.nio.AbstractNioByteChannel$NioByteUnsafe.read(AbstractNioByteChannel.java:148) [netty-transport-4.1.32.Final.jar:4.1.32.Final]
	at io.netty.channel.nio.NioEventLoop.processSelectedKey(NioEventLoop.java:656) [netty-transport-4.1.32.Final.jar:4.1.32.Final]
	at io.netty.channel.nio.NioEventLoop.processSelectedKeysPlain(NioEventLoop.java:556) [netty-transport-4.1.32.Final.jar:4.1.32.Final]
	at io.netty.channel.nio.NioEventLoop.processSelectedKeys(NioEventLoop.java:510) [netty-transport-4.1.32.Final.jar:4.1.32.Final]
	at io.netty.channel.nio.NioEventLoop.run(NioEventLoop.java:470) [netty-transport-4.1.32.Final.jar:4.1.32.Final]
	at io.netty.util.concurrent.SingleThreadEventExecutor$5.run(SingleThreadEventExecutor.java:909) [netty-common-4.1.32.Final.jar:4.1.32.Final]
	at java.lang.Thread.run(Thread.java:835) [?:?]
[2019-07-09T08:29:54,394][WARN ][o.e.h.AbstractHttpServerTransport] [elasticsearch01] caught exception while handling client http traffic, closing connection Netty4HttpChannel{localAddress=/0:0:0:0:0:0:0:1:9200, remoteAddress=/0:0:0:0:0:0:0:1:43516}
java.io.IOException: Удаленный хост принудительно разорвал существующее подключение
	at sun.nio.ch.SocketDispatcher.read0(Native Method) ~[?:?]
	at sun.nio.ch.SocketDispatcher.read(SocketDispatcher.java:43) ~[?:?]
	at sun.nio.ch.IOUtil.readIntoNativeBuffer(IOUtil.java:276) ~[?:?]
	at sun.nio.ch.IOUtil.read(IOUtil.java:245) ~[?:?]
	at sun.nio.ch.IOUtil.read(IOUtil.java:223) ~[?:?]
	at sun.nio.ch.SocketChannelImpl.read(SocketChannelImpl.java:358) ~[?:?]
	at io.netty.buffer.UnpooledHeapByteBuf.setBytes(UnpooledHeapByteBuf.java:291) ~[netty-buffer-4.1.32.Final.jar:4.1.32.Final]
	at io.netty.buffer.AbstractByteBuf.writeBytes(AbstractByteBuf.java:1132) ~[netty-buffer-4.1.32.Final.jar:4.1.32.Final]
	at io.netty.channel.socket.nio.NioSocketChannel.doReadBytes(NioSocketChannel.java:347) ~[netty-transport-4.1.32.Final.jar:4.1.32.Final]
	at io.netty.channel.nio.AbstractNioByteChannel$NioByteUnsafe.read(AbstractNioByteChannel.java:148) [netty-transport-4.1.32.Final.jar:4.1.32.Final]
	at io.netty.channel.nio.NioEventLoop.processSelectedKey(NioEventLoop.java:656) [netty-transport-4.1.32.Final.jar:4.1.32.Final]
	at io.netty.channel.nio.NioEventLoop.processSelectedKeysPlain(NioEventLoop.java:556) [netty-transport-4.1.32.Final.jar:4.1.32.Final]
	at io.netty.channel.nio.NioEventLoop.processSelectedKeys(NioEventLoop.java:510) [netty-transport-4.1.32.Final.jar:4.1.32.Final]
	at io.netty.channel.nio.NioEventLoop.run(NioEventLoop.java:470) [netty-transport-4.1.32.Final.jar:4.1.32.Final]
	at io.netty.util.concurrent.SingleThreadEventExecutor$5.run(SingleThreadEventExecutor.java:909) [netty-common-4.1.32.Final.jar:4.1.32.Final]
	at java.lang.Thread.run(Thread.java:835) [?:?]
[2019-07-09T08:29:54,392][WARN ][o.e.h.AbstractHttpServerTransport] [elasticsearch01] caught exception while handling client http traffic, closing connection Netty4HttpChannel{localAddress=/0:0:0:0:0:0:0:1:9200, remoteAddress=/0:0:0:0:0:0:0:1:43544}
java.io.IOException: Удаленный хост принудительно разорвал существующее подключение
	at sun.nio.ch.SocketDispatcher.read0(Native Method) ~[?:?]
	at sun.nio.ch.SocketDispatcher.read(SocketDispatcher.java:43) ~[?:?]
	at sun.nio.ch.IOUtil.readIntoNativeBuffer(IOUtil.java:276) ~[?:?]
	at sun.nio.ch.IOUtil.read(IOUtil.java:245) ~[?:?]
	at sun.nio.ch.IOUtil.read(IOUtil.java:223) ~[?:?]
	at sun.nio.ch.SocketChannelImpl.read(SocketChannelImpl.java:358) ~[?:?]
	at io.netty.buffer.UnpooledHeapByteBuf.setBytes(UnpooledHeapByteBuf.java:291) ~[netty-buffer-4.1.32.Final.jar:4.1.32.Final]
	at io.netty.buffer.AbstractByteBuf.writeBytes(AbstractByteBuf.java:1132) ~[netty-buffer-4.1.32.Final.jar:4.1.32.Final]
	at io.netty.channel.socket.nio.NioSocketChannel.doReadBytes(NioSocketChannel.java:347) ~[netty-transport-4.1.32.Final.jar:4.1.32.Final]
	at io.netty.channel.nio.AbstractNioByteChannel$NioByteUnsafe.read(AbstractNioByteChannel.java:148) [netty-transport-4.1.32.Final.jar:4.1.32.Final]
	at io.netty.channel.nio.NioEventLoop.processSelectedKey(NioEventLoop.java:656) [netty-transport-4.1.32.Final.jar:4.1.32.Final]
	at io.netty.channel.nio.NioEventLoop.processSelectedKeysPlain(NioEventLoop.java:556) [netty-transport-4.1.32.Final.jar:4.1.32.Final]
	at io.netty.channel.nio.NioEventLoop.processSelectedKeys(NioEventLoop.java:510) [netty-transport-4.1.32.Final.jar:4.1.32.Final]
	at io.netty.channel.nio.NioEventLoop.run(NioEventLoop.java:470) [netty-transport-4.1.32.Final.jar:4.1.32.Final]
	at io.netty.util.concurrent.SingleThreadEventExecutor$5.run(SingleThreadEventExecutor.java:909) [netty-common-4.1.32.Final.jar:4.1.32.Final]
	at java.lang.Thread.run(Thread.java:835) [?:?]
[2019-07-09T08:29:54,389][WARN ][o.e.h.AbstractHttpServerTransport] [elasticsearch01] caught exception while handling client http traffic, closing connection Netty4HttpChannel{localAddress=/0:0:0:0:0:0:0:1:9200, remoteAddress=/0:0:0:0:0:0:0:1:43783}
java.io.IOException: Удаленный хост принудительно разорвал существующее подключение
	at sun.nio.ch.SocketDispatcher.read0(Native Method) ~[?:?]
	at sun.nio.ch.SocketDispatcher.read(SocketDispatcher.java:43) ~[?:?]
	at sun.nio.ch.IOUtil.readIntoNativeBuffer(IOUtil.java:276) ~[?:?]
	at sun.nio.ch.IOUtil.read(IOUtil.java:245) ~[?:?]
	at sun.nio.ch.IOUtil.read(IOUtil.java:223) ~[?:?]
	at sun.nio.ch.SocketChannelImpl.read(SocketChannelImpl.java:358) ~[?:?]
	at io.netty.buffer.UnpooledHeapByteBuf.setBytes(UnpooledHeapByteBuf.java:291) ~[netty-buffer-4.1.32.Final.jar:4.1.32.Final]
	at io.netty.buffer.AbstractByteBuf.writeBytes(AbstractByteBuf.java:1132) ~[netty-buffer-4.1.32.Final.jar:4.1.32.Final]
	at io.netty.channel.socket.nio.NioSocketChannel.doReadBytes(NioSocketChannel.java:347) ~[netty-transport-4.1.32.Final.jar:4.1.32.Final]
	at io.netty.channel.nio.AbstractNioByteChannel$NioByteUnsafe.read(AbstractNioByteChannel.java:148) [netty-transport-4.1.32.Final.jar:4.1.32.Final]
	at io.netty.channel.nio.NioEventLoop.processSelectedKey(NioEventLoop.java:656) [netty-transport-4.1.32.Final.jar:4.1.32.Final]
	at io.netty.channel.nio.NioEventLoop.processSelectedKeysPlain(NioEventLoop.java:556) [netty-transport-4.1.32.Final.jar:4.1.32.Final]
	at io.netty.channel.nio.NioEventLoop.processSelectedKeys(NioEventLoop.java:510) [netty-transport-4.1.32.Final.jar:4.1.32.Final]
	at io.netty.channel.nio.NioEventLoop.run(NioEventLoop.java:470) [netty-transport-4.1.32.Final.jar:4.1.32.Final]
	at io.netty.util.concurrent.SingleThreadEventExecutor$5.run(SingleThreadEventExecutor.java:909) [netty-common-4.1.32.Final.jar:4.1.32.Final]
	at java.lang.Thread.run(Thread.java:835) [?:?]
[2019-07-09T08:29:54,423][WARN ][o.e.h.AbstractHttpServerTransport] [elasticsearch01] caught exception while handling client http traffic, closing connection Netty4HttpChannel{localAddress=/0:0:0:0:0:0:0:1:9200, remoteAddress=/0:0:0:0:0:0:0:1:43682}
java.io.IOException: Удаленный хост принудительно разорвал существующее подключение
	at sun.nio.ch.SocketDispatcher.read0(Native Method) ~[?:?]
	at sun.nio.ch.SocketDispatcher.read(SocketDispatcher.java:43) ~[?:?]
	at sun.nio.ch.IOUtil.readIntoNativeBuffer(IOUtil.java:276) ~[?:?]
	at sun.nio.ch.IOUtil.read(IOUtil.java:245) ~[?:?]
	at sun.nio.ch.IOUtil.read(IOUtil.java:223) ~[?:?]
	at sun.nio.ch.SocketChannelImpl.read(SocketChannelImpl.java:358) ~[?:?]
	at io.netty.buffer.UnpooledHeapByteBuf.setBytes(UnpooledHeapByteBuf.java:291) ~[netty-buffer-4.1.32.Final.jar:4.1.32.Final]
	at io.netty.buffer.AbstractByteBuf.writeBytes(AbstractByteBuf.java:1132) ~[netty-buffer-4.1.32.Final.jar:4.1.32.Final]
	at io.netty.channel.socket.nio.NioSocketChannel.doReadBytes(NioSocketChannel.java:347) ~[netty-transport-4.1.32.Final.jar:4.1.32.Final]
	at io.netty.channel.nio.AbstractNioByteChannel$NioByteUnsafe.read(AbstractNioByteChannel.java:148) [netty-transport-4.1.32.Final.jar:4.1.32.Final]
	at io.netty.channel.nio.NioEventLoop.processSelectedKey(NioEventLoop.java:656) [netty-transport-4.1.32.Final.jar:4.1.32.Final]
	at io.netty.channel.nio.NioEventLoop.processSelectedKeysPlain(NioEventLoop.java:556) [netty-transport-4.1.32.Final.jar:4.1.32.Final]
	at io.netty.channel.nio.NioEventLoop.processSelectedKeys(NioEventLoop.java:510) [netty-transport-4.1.32.Final.jar:4.1.32.Final]
	at io.netty.channel.nio.NioEventLoop.run(NioEventLoop.java:470) [netty-transport-4.1.32.Final.jar:4.1.32.Final]
	at io.netty.util.concurrent.SingleThreadEventExecutor$5.run(SingleThreadEventExecutor.java:909) [netty-common-4.1.32.Final.jar:4.1.32.Final]
	at java.lang.Thread.run(Thread.java:835) [?:?]
[2019-07-09T08:29:54,431][WARN ][o.e.h.AbstractHttpServerTransport] [elasticsearch01] caught exception while handling client http traffic, closing connection Netty4HttpChannel{localAddress=/127.0.0.1:9200, remoteAddress=/127.0.0.1:38372}
java.io.IOException: Программа на вашем хост-компьютере разорвала установленное подключение
	at sun.nio.ch.SocketDispatcher.read0(Native Method) ~[?:?]
	at sun.nio.ch.SocketDispatcher.read(SocketDispatcher.java:43) ~[?:?]
	at sun.nio.ch.IOUtil.readIntoNativeBuffer(IOUtil.java:276) ~[?:?]
	at sun.nio.ch.IOUtil.read(IOUtil.java:245) ~[?:?]
	at sun.nio.ch.IOUtil.read(IOUtil.java:223) ~[?:?]
	at sun.nio.ch.SocketChannelImpl.read(SocketChannelImpl.java:358) ~[?:?]
	at io.netty.buffer.UnpooledHeapByteBuf.setBytes(UnpooledHeapByteBuf.java:291) ~[netty-buffer-4.1.32.Final.jar:4.1.32.Final]
	at io.netty.buffer.AbstractByteBuf.writeBytes(AbstractByteBuf.java:1132) ~[netty-buffer-4.1.32.Final.jar:4.1.32.Final]
	at io.netty.channel.socket.nio.NioSocketChannel.doReadBytes(NioSocketChannel.java:347) ~[netty-transport-4.1.32.Final.jar:4.1.32.Final]
	at io.netty.channel.nio.AbstractNioByteChannel$NioByteUnsafe.read(AbstractNioByteChannel.java:148) [netty-transport-4.1.32.Final.jar:4.1.32.Final]
	at io.netty.channel.nio.NioEventLoop.processSelectedKey(NioEventLoop.java:656) [netty-transport-4.1.32.Final.jar:4.1.32.Final]
	at io.netty.channel.nio.NioEventLoop.processSelectedKeysPlain(NioEventLoop.java:556) [netty-transport-4.1.32.Final.jar:4.1.32.Final]
	at io.netty.channel.nio.NioEventLoop.processSelectedKeys(NioEventLoop.java:510) [netty-transport-4.1.32.Final.jar:4.1.32.Final]
	at io.netty.channel.nio.NioEventLoop.run(NioEventLoop.java:470) [netty-transport-4.1.32.Final.jar:4.1.32.Final]
	at io.netty.util.concurrent.SingleThreadEventExecutor$5.run(SingleThreadEventExecutor.java:909) [netty-common-4.1.32.Final.jar:4.1.32.Final]
	at java.lang.Thread.run(Thread.java:835) [?:?]
[2019-07-09T08:29:54,570][WARN ][o.e.h.AbstractHttpServerTransport] [elasticsearch01] caught exception while handling client http traffic, closing connection Netty4HttpChannel{localAddress=/0:0:0:0:0:0:0:1:9200, remoteAddress=/0:0:0:0:0:0:0:1:43484}
java.io.IOException: Удаленный хост принудительно разорвал существующее подключение
	at sun.nio.ch.SocketDispatcher.read0(Native Method) ~[?:?]
	at sun.nio.ch.SocketDispatcher.read(SocketDispatcher.java:43) ~[?:?]
	at sun.nio.ch.IOUtil.readIntoNativeBuffer(IOUtil.java:276) ~[?:?]
	at sun.nio.ch.IOUtil.read(IOUtil.java:245) ~[?:?]
	at sun.nio.ch.IOUtil.read(IOUtil.java:223) ~[?:?]
	at sun.nio.ch.SocketChannelImpl.read(SocketChannelImpl.java:358) ~[?:?]
	at io.netty.buffer.UnpooledHeapByteBuf.setBytes(UnpooledHeapByteBuf.java:291) ~[netty-buffer-4.1.32.Final.jar:4.1.32.Final]
	at io.netty.buffer.AbstractByteBuf.writeBytes(AbstractByteBuf.java:1132) ~[netty-buffer-4.1.32.Final.jar:4.1.32.Final]
	at io.netty.channel.socket.nio.NioSocketChannel.doReadBytes(NioSocketChannel.java:347) ~[netty-transport-4.1.32.Final.jar:4.1.32.Final]
	at io.netty.channel.nio.AbstractNioByteChannel$NioByteUnsafe.read(AbstractNioByteChannel.java:148) [netty-transport-4.1.32.Final.jar:4.1.32.Final]
	at io.netty.channel.nio.NioEventLoop.processSelectedKey(NioEventLoop.java:656) [netty-transport-4.1.32.Final.jar:4.1.32.Final]
	at io.netty.channel.nio.NioEventLoop.processSelectedKeysPlain(NioEventLoop.java:556) [netty-transport-4.1.32.Final.jar:4.1.32.Final]
	at io.netty.channel.nio.NioEventLoop.processSelectedKeys(NioEventLoop.java:510) [netty-transport-4.1.32.Final.jar:4.1.32.Final]
	at io.netty.channel.nio.NioEventLoop.run(NioEventLoop.java:470) [netty-transport-4.1.32.Final.jar:4.1.32.Final]
	at io.netty.util.concurrent.SingleThreadEventExecutor$5.run(SingleThreadEventExecutor.java:909) [netty-common-4.1.32.Final.jar:4.1.32.Final]
	at java.lang.Thread.run(Thread.java:835) [?:?]
[2019-07-09T08:29:57,338][INFO ][o.e.c.m.MetaDataIndexTemplateService] [elasticsearch01] adding template [.management-beats] for index patterns [.management-beats]
[2019-07-09T08:30:18,012][INFO ][o.e.m.j.JvmGcMonitorService] [elasticsearch01] [gc][4795] overhead, spent [352ms] collecting in the last [1s]
[2019-07-09T08:39:43,329][INFO ][o.e.n.Node               ] [elasticsearch01] stopping ...
[2019-07-09T08:39:43,980][INFO ][o.e.x.w.WatcherService   ] [elasticsearch01] stopping watch service, reason [shutdown initiated]
[2019-07-09T08:39:44,837][INFO ][o.e.x.m.p.l.CppLogMessageHandler] [elasticsearch01] [controller/240332] [Main.cc@148] Ml controller exiting
[2019-07-09T08:39:45,348][INFO ][o.e.x.m.p.NativeController] [elasticsearch01] Native controller process has stopped - no new native processes can be started
[2019-07-09T08:39:45,422][WARN ][o.e.i.s.RetentionLeaseSyncAction] [elasticsearch01] [elastalert_status_past][0] retention lease background sync failed
org.elasticsearch.transport.SendRequestTransportException: [elasticsearch01][127.0.0.1:9300][indices:admin/seq_no/retention_lease_background_sync[p]]
	at org.elasticsearch.transport.TransportService.sendRequestInternal(TransportService.java:645) ~[elasticsearch-7.1.1.jar:7.1.1]
	at org.elasticsearch.xpack.security.transport.SecurityServerTransportInterceptor$1.sendRequest(SecurityServerTransportInterceptor.java:137) ~[?:?]
	at org.elasticsearch.transport.TransportService.sendRequest(TransportService.java:543) ~[elasticsearch-7.1.1.jar:7.1.1]
	at org.elasticsearch.transport.TransportService.sendRequest(TransportService.java:531) ~[elasticsearch-7.1.1.jar:7.1.1]
	at org.elasticsearch.action.support.replication.TransportReplicationAction$ReroutePhase.performAction(TransportReplicationAction.java:864) ~[elasticsearch-7.1.1.jar:7.1.1]
	at org.elasticsearch.action.support.replication.TransportReplicationAction$ReroutePhase.performLocalAction(TransportReplicationAction.java:815) ~[elasticsearch-7.1.1.jar:7.1.1]
	at org.elasticsearch.action.support.replication.TransportReplicationAction$ReroutePhase.doRun(TransportReplicationAction.java:802) ~[elasticsearch-7.1.1.jar:7.1.1]
	at org.elasticsearch.common.util.concurrent.AbstractRunnable.run(AbstractRunnable.java:37) [elasticsearch-7.1.1.jar:7.1.1]
	at org.elasticsearch.action.support.replication.TransportReplicationAction.doExecute(TransportReplicationAction.java:171) ~[elasticsearch-7.1.1.jar:7.1.1]
	at org.elasticsearch.action.support.replication.TransportReplicationAction.doExecute(TransportReplicationAction.java:100) ~[elasticsearch-7.1.1.jar:7.1.1]
	at org.elasticsearch.action.support.TransportAction$RequestFilterChain.proceed(TransportAction.java:145) ~[elasticsearch-7.1.1.jar:7.1.1]
	at org.elasticsearch.xpack.security.action.filter.SecurityActionFilter.apply(SecurityActionFilter.java:123) ~[?:?]
	at org.elasticsearch.action.support.TransportAction$RequestFilterChain.proceed(TransportAction.java:143) ~[elasticsearch-7.1.1.jar:7.1.1]
	at org.elasticsearch.action.support.TransportAction.execute(TransportAction.java:121) ~[elasticsearch-7.1.1.jar:7.1.1]
	at org.elasticsearch.action.support.TransportAction.execute(TransportAction.java:64) ~[elasticsearch-7.1.1.jar:7.1.1]
	at org.elasticsearch.index.seqno.RetentionLeaseBackgroundSyncAction.backgroundSync(RetentionLeaseBackgroundSyncAction.java:111) ~[elasticsearch-7.1.1.jar:7.1.1]
	at org.elasticsearch.indices.cluster.IndicesClusterStateService$1.backgroundSync(IndicesClusterStateService.java:175) ~[elasticsearch-7.1.1.jar:7.1.1]
	at org.elasticsearch.index.shard.IndexShard.syncRetentionLeases(IndexShard.java:2063) ~[elasticsearch-7.1.1.jar:7.1.1]
	at org.elasticsearch.index.IndexService.lambda$sync$11(IndexService.java:814) ~[elasticsearch-7.1.1.jar:7.1.1]
	at org.elasticsearch.index.shard.IndexShard.lambda$runUnderPrimaryPermit$17(IndexShard.java:2585) ~[elasticsearch-7.1.1.jar:7.1.1]
	at org.elasticsearch.action.ActionListener$1.onResponse(ActionListener.java:61) ~[elasticsearch-7.1.1.jar:7.1.1]
	at org.elasticsearch.index.shard.IndexShard.lambda$wrapPrimaryOperationPermitListener$14(IndexShard.java:2538) ~[elasticsearch-7.1.1.jar:7.1.1]
	at org.elasticsearch.action.ActionListener$1.onResponse(ActionListener.java:61) ~[elasticsearch-7.1.1.jar:7.1.1]
	at org.elasticsearch.index.shard.IndexShardOperationPermits.acquire(IndexShardOperationPermits.java:269) ~[elasticsearch-7.1.1.jar:7.1.1]
	at org.elasticsearch.index.shard.IndexShardOperationPermits.acquire(IndexShardOperationPermits.java:236) ~[elasticsearch-7.1.1.jar:7.1.1]
	at org.elasticsearch.index.shard.IndexShard.acquirePrimaryOperationPermit(IndexShard.java:2513) ~[elasticsearch-7.1.1.jar:7.1.1]
	at org.elasticsearch.index.shard.IndexShard.runUnderPrimaryPermit(IndexShard.java:2589) ~[elasticsearch-7.1.1.jar:7.1.1]
	at org.elasticsearch.index.IndexService.sync(IndexService.java:811) ~[elasticsearch-7.1.1.jar:7.1.1]
	at org.elasticsearch.index.IndexService.syncRetentionLeases(IndexService.java:794) ~[elasticsearch-7.1.1.jar:7.1.1]
	at org.elasticsearch.index.IndexService.access$800(IndexService.java:99) ~[elasticsearch-7.1.1.jar:7.1.1]
	at org.elasticsearch.index.IndexService$AsyncRetentionLeaseSyncTask.runInternal(IndexService.java:975) ~[elasticsearch-7.1.1.jar:7.1.1]
	at org.elasticsearch.common.util.concurrent.AbstractAsyncTask.run(AbstractAsyncTask.java:141) ~[elasticsearch-7.1.1.jar:7.1.1]
	at org.elasticsearch.common.util.concurrent.ThreadContext$ContextPreservingRunnable.run(ThreadContext.java:681) ~[elasticsearch-7.1.1.jar:7.1.1]
	at java.util.concurrent.ThreadPoolExecutor.runWorker(ThreadPoolExecutor.java:1128) [?:?]
	at java.util.concurrent.ThreadPoolExecutor$Worker.run(ThreadPoolExecutor.java:628) [?:?]
	at java.lang.Thread.run(Thread.java:835) [?:?]
Caused by: org.elasticsearch.transport.TransportException: TransportService is closed stopped can't send request
	at org.elasticsearch.transport.TransportService.sendRequestInternal(TransportService.java:627) ~[elasticsearch-7.1.1.jar:7.1.1]
	... 35 more
[2019-07-09T08:39:47,621][DEBUG][o.e.a.a.c.n.s.TransportNodesStatsAction] [elasticsearch01] failed to execute on node [UX-HdPY5Q0iJLIzpq8XKpw]
org.elasticsearch.transport.SendRequestTransportException: [elasticsearch01][127.0.0.1:9300][cluster:monitor/nodes/stats[n]]
	at org.elasticsearch.transport.TransportService.sendRequestInternal(TransportService.java:645) ~[elasticsearch-7.1.1.jar:7.1.1]
	at org.elasticsearch.xpack.security.transport.SecurityServerTransportInterceptor$1.sendRequest(SecurityServerTransportInterceptor.java:137) ~[?:?]
	at org.elasticsearch.transport.TransportService.sendRequest(TransportService.java:543) ~[elasticsearch-7.1.1.jar:7.1.1]
	at org.elasticsearch.transport.TransportService.sendRequest(TransportService.java:531) ~[elasticsearch-7.1.1.jar:7.1.1]
	at org.elasticsearch.action.support.nodes.TransportNodesAction$AsyncAction.start(TransportNodesAction.java:182) ~[elasticsearch-7.1.1.jar:7.1.1]
	at org.elasticsearch.action.support.nodes.TransportNodesAction.doExecute(TransportNodesAction.java:82) ~[elasticsearch-7.1.1.jar:7.1.1]
	at org.elasticsearch.action.support.nodes.TransportNodesAction.doExecute(TransportNodesAction.java:51) ~[elasticsearch-7.1.1.jar:7.1.1]
	at org.elasticsearch.action.support.TransportAction$RequestFilterChain.proceed(TransportAction.java:145) ~[elasticsearch-7.1.1.jar:7.1.1]
	at org.elasticsearch.xpack.security.action.filter.SecurityActionFilter.apply(SecurityActionFilter.java:123) ~[?:?]
	at org.elasticsearch.action.support.TransportAction$RequestFilterChain.proceed(TransportAction.java:143) ~[elasticsearch-7.1.1.jar:7.1.1]
	at org.elasticsearch.action.support.TransportAction.execute(TransportAction.java:121) ~[elasticsearch-7.1.1.jar:7.1.1]
	at org.elasticsearch.action.support.TransportAction.execute(TransportAction.java:64) ~[elasticsearch-7.1.1.jar:7.1.1]
	at org.elasticsearch.client.node.NodeClient.executeLocally(NodeClient.java:83) ~[elasticsearch-7.1.1.jar:7.1.1]
	at org.elasticsearch.client.node.NodeClient.doExecute(NodeClient.java:72) ~[elasticsearch-7.1.1.jar:7.1.1]
	at org.elasticsearch.client.support.AbstractClient.execute(AbstractClient.java:393) ~[elasticsearch-7.1.1.jar:7.1.1]
	at org.elasticsearch.client.support.AbstractClient$ClusterAdmin.execute(AbstractClient.java:682) ~[elasticsearch-7.1.1.jar:7.1.1]
	at org.elasticsearch.client.support.AbstractClient$ClusterAdmin.nodesStats(AbstractClient.java:778) ~[elasticsearch-7.1.1.jar:7.1.1]
	at org.elasticsearch.cluster.InternalClusterInfoService.updateNodeStats(InternalClusterInfoService.java:248) ~[elasticsearch-7.1.1.jar:7.1.1]
	at org.elasticsearch.cluster.InternalClusterInfoService.refresh(InternalClusterInfoService.java:284) ~[elasticsearch-7.1.1.jar:7.1.1]
	at org.elasticsearch.cluster.InternalClusterInfoService.maybeRefresh(InternalClusterInfoService.java:269) ~[elasticsearch-7.1.1.jar:7.1.1]
	at org.elasticsearch.cluster.InternalClusterInfoService.access$200(InternalClusterInfoService.java:65) ~[elasticsearch-7.1.1.jar:7.1.1]
	at org.elasticsearch.cluster.InternalClusterInfoService$SubmitReschedulingClusterInfoUpdatedJob.lambda$run$0(InternalClusterInfoService.java:220) ~[elasticsearch-7.1.1.jar:7.1.1]
	at org.elasticsearch.common.util.concurrent.ThreadContext$ContextPreservingRunnable.run(ThreadContext.java:681) ~[elasticsearch-7.1.1.jar:7.1.1]
	at java.util.concurrent.ThreadPoolExecutor.runWorker(ThreadPoolExecutor.java:1128) [?:?]
	at java.util.concurrent.ThreadPoolExecutor$Worker.run(ThreadPoolExecutor.java:628) [?:?]
	at java.lang.Thread.run(Thread.java:835) [?:?]
Caused by: org.elasticsearch.transport.TransportException: TransportService is closed stopped can't send request
	at org.elasticsearch.transport.TransportService.sendRequestInternal(TransportService.java:627) ~[elasticsearch-7.1.1.jar:7.1.1]
	... 25 more
[2019-07-09T08:39:47,622][DEBUG][o.e.a.a.i.s.TransportIndicesStatsAction] [elasticsearch01] failed to execute [indices:monitor/stats] on node [UX-HdPY5Q0iJLIzpq8XKpw]
org.elasticsearch.transport.SendRequestTransportException: [elasticsearch01][127.0.0.1:9300][indices:monitor/stats[n]]
	at org.elasticsearch.transport.TransportService.sendRequestInternal(TransportService.java:645) ~[elasticsearch-7.1.1.jar:7.1.1]
	at org.elasticsearch.xpack.security.transport.SecurityServerTransportInterceptor$1.sendRequest(SecurityServerTransportInterceptor.java:137) ~[?:?]
	at org.elasticsearch.transport.TransportService.sendRequest(TransportService.java:543) ~[elasticsearch-7.1.1.jar:7.1.1]
	at org.elasticsearch.transport.TransportService.sendRequest(TransportService.java:518) ~[elasticsearch-7.1.1.jar:7.1.1]
	at org.elasticsearch.action.support.broadcast.node.TransportBroadcastByNodeAction$AsyncAction.sendNodeRequest(TransportBroadcastByNodeAction.java:314) ~[elasticsearch-7.1.1.jar:7.1.1]
	at org.elasticsearch.action.support.broadcast.node.TransportBroadcastByNodeAction$AsyncAction.start(TransportBroadcastByNodeAction.java:303) ~[elasticsearch-7.1.1.jar:7.1.1]
	at org.elasticsearch.action.support.broadcast.node.TransportBroadcastByNodeAction.doExecute(TransportBroadcastByNodeAction.java:226) ~[elasticsearch-7.1.1.jar:7.1.1]
	at org.elasticsearch.action.support.broadcast.node.TransportBroadcastByNodeAction.doExecute(TransportBroadcastByNodeAction.java:77) ~[elasticsearch-7.1.1.jar:7.1.1]
	at org.elasticsearch.action.support.TransportAction$RequestFilterChain.proceed(TransportAction.java:145) ~[elasticsearch-7.1.1.jar:7.1.1]
	at org.elasticsearch.xpack.security.action.filter.SecurityActionFilter.apply(SecurityActionFilter.java:123) ~[?:?]
	at org.elasticsearch.action.support.TransportAction$RequestFilterChain.proceed(TransportAction.java:143) ~[elasticsearch-7.1.1.jar:7.1.1]
	at org.elasticsearch.action.support.TransportAction.execute(TransportAction.java:121) ~[elasticsearch-7.1.1.jar:7.1.1]
	at org.elasticsearch.action.support.TransportAction.execute(TransportAction.java:64) ~[elasticsearch-7.1.1.jar:7.1.1]
	at org.elasticsearch.client.node.NodeClient.executeLocally(NodeClient.java:83) ~[elasticsearch-7.1.1.jar:7.1.1]
	at org.elasticsearch.client.node.NodeClient.doExecute(NodeClient.java:72) ~[elasticsearch-7.1.1.jar:7.1.1]
	at org.elasticsearch.client.support.AbstractClient.execute(AbstractClient.java:393) ~[elasticsearch-7.1.1.jar:7.1.1]
	at org.elasticsearch.client.support.AbstractClient$IndicesAdmin.execute(AbstractClient.java:1213) ~[elasticsearch-7.1.1.jar:7.1.1]
	at org.elasticsearch.client.support.AbstractClient$IndicesAdmin.stats(AbstractClient.java:1529) ~[elasticsearch-7.1.1.jar:7.1.1]
	at org.elasticsearch.cluster.InternalClusterInfoService.updateIndicesStats(InternalClusterInfoService.java:262) ~[elasticsearch-7.1.1.jar:7.1.1]
	at org.elasticsearch.cluster.InternalClusterInfoService.refresh(InternalClusterInfoService.java:313) ~[elasticsearch-7.1.1.jar:7.1.1]
	at org.elasticsearch.cluster.InternalClusterInfoService.maybeRefresh(InternalClusterInfoService.java:269) ~[elasticsearch-7.1.1.jar:7.1.1]
	at org.elasticsearch.cluster.InternalClusterInfoService.access$200(InternalClusterInfoService.java:65) ~[elasticsearch-7.1.1.jar:7.1.1]
	at org.elasticsearch.cluster.InternalClusterInfoService$SubmitReschedulingClusterInfoUpdatedJob.lambda$run$0(InternalClusterInfoService.java:220) ~[elasticsearch-7.1.1.jar:7.1.1]
	at org.elasticsearch.common.util.concurrent.ThreadContext$ContextPreservingRunnable.run(ThreadContext.java:681) ~[elasticsearch-7.1.1.jar:7.1.1]
	at java.util.concurrent.ThreadPoolExecutor.runWorker(ThreadPoolExecutor.java:1128) [?:?]
	at java.util.concurrent.ThreadPoolExecutor$Worker.run(ThreadPoolExecutor.java:628) [?:?]
	at java.lang.Thread.run(Thread.java:835) [?:?]
Caused by: org.elasticsearch.transport.TransportException: TransportService is closed stopped can't send request
	at org.elasticsearch.transport.TransportService.sendRequestInternal(TransportService.java:627) ~[elasticsearch-7.1.1.jar:7.1.1]
	... 26 more
[2019-07-09T08:39:50,200][INFO ][o.e.n.Node               ] [elasticsearch01] stopped
[2019-07-09T08:39:50,229][INFO ][o.e.n.Node               ] [elasticsearch01] closing ...
[2019-07-09T08:39:51,035][INFO ][o.e.n.Node               ] [elasticsearch01] closed
